


ARM Macro Assembler    Page 1 


    1 00000000         #line   1                "mbed-os\\targets\\TARGET_STM\\
TARGET_STM32F1\\TARGET_NUCLEO_F103RB\\device\\TOOLCHAIN_ARM_STD\\startup_stm32f
105xc.s"
    1 00000000         ;******************** (C) COPYRIGHT 2016 STMicroelectron
                       ics ********************
    2 00000000         ;* File Name          : startup_stm32f105xc.s
    3 00000000         ;* Author             : MCD Application Team
    4 00000000         ;* Version            : V4.1.0
    5 00000000         ;* Date               : 29-April-2016
    6 00000000         ;* Description        : STM32F105xC Devices vector table
                        for MDK-ARM toolchain. 
    7 00000000         ;*                      This module performs:
    8 00000000         ;*                      - Set the initial SP
    9 00000000         ;*                      - Set the initial PC == Reset_Ha
                       ndler
   10 00000000         ;*                      - Set the vector table entries w
                       ith the exceptions ISR address
   11 00000000         ;*                      - Configure the clock system
   12 00000000         ;*                      - Branches to __main in the C li
                       brary (which eventually
   13 00000000         ;*                        calls main()).
   14 00000000         ;*                      After Reset the Cortex-M3 proces
                       sor is in Thread mode,
   15 00000000         ;*                      priority is Privileged, and the 
                       Stack is set to Main.
   16 00000000         ;*******************************************************
                       *************************
   17 00000000         ;*
   18 00000000         ;* COPYRIGHT(c) 2016 STMicroelectronics
   19 00000000         ;*
   20 00000000         ;* Redistribution and use in source and binary forms, wi
                       th or without modification,
   21 00000000         ;* are permitted provided that the following conditions 
                       are met:
   22 00000000         ;*   1. Redistributions of source code must retain the a
                       bove copyright notice,
   23 00000000         ;*      this list of conditions and the following discla
                       imer.
   24 00000000         ;*   2. Redistributions in binary form must reproduce th
                       e above copyright notice,
   25 00000000         ;*      this list of conditions and the following discla
                       imer in the documentation
   26 00000000         ;*      and/or other materials provided with the distrib
                       ution.
   27 00000000         ;*   3. Neither the name of STMicroelectronics nor the n
                       ames of its contributors
   28 00000000         ;*      may be used to endorse or promote products deriv
                       ed from this software
   29 00000000         ;*      without specific prior written permission.
   30 00000000         ;*
   31 00000000         ;* THIS SOFTWARE IS PROVIDED BY THE COPYRIGHT HOLDERS AN
                       D CONTRIBUTORS "AS IS"
   32 00000000         ;* AND ANY EXPRESS OR IMPLIED WARRANTIES, INCLUDING, BUT
                        NOT LIMITED TO, THE
   33 00000000         ;* IMPLIED WARRANTIES OF MERCHANTABILITY AND FITNESS FOR
                        A PARTICULAR PURPOSE ARE
   34 00000000         ;* DISCLAIMED. IN NO EVENT SHALL THE COPYRIGHT HOLDER OR
                        CONTRIBUTORS BE LIABLE
   35 00000000         ;* FOR ANY DIRECT, INDIRECT, INCIDENTAL, SPECIAL, EXEMPL



ARM Macro Assembler    Page 2 


                       ARY, OR CONSEQUENTIAL
   36 00000000         ;* DAMAGES (INCLUDING, BUT NOT LIMITED TO, PROCUREMENT O
                       F SUBSTITUTE GOODS OR
   37 00000000         ;* SERVICES; LOSS OF USE, DATA, OR PROFITS; OR BUSINESS 
                       INTERRUPTION) HOWEVER
   38 00000000         ;* CAUSED AND ON ANY THEORY OF LIABILITY, WHETHER IN CON
                       TRACT, STRICT LIABILITY,
   39 00000000         ;* OR TORT (INCLUDING NEGLIGENCE OR OTHERWISE) ARISING I
                       N ANY WAY OUT OF THE USE
   40 00000000         ;* OF THIS SOFTWARE, EVEN IF ADVISED OF THE POSSIBILITY 
                       OF SUCH DAMAGE.
   41 00000000         ; 
   42 00000000         ;*******************************************************
                       ************************
   43 00000000         
   44 00000000 20010000 
                       __initial_sp
                               EQU              0x20010000  ; Top of RAM
   45 00000000         
   46 00000000                 PRESERVE8
   47 00000000                 THUMB
   48 00000000         
   49 00000000         
   50 00000000         ; Vector Table Mapped to Address 0 at Reset
   51 00000000                 AREA             RESET, DATA, READONLY
   52 00000000                 EXPORT           __Vectors
   53 00000000                 EXPORT           __Vectors_End
   54 00000000                 EXPORT           __Vectors_Size
   55 00000000         
   56 00000000 20010000 
                       __Vectors
                               DCD              __initial_sp ; Top of Stack
   57 00000004 00000000        DCD              Reset_Handler ; Reset Handler
   58 00000008 00000000        DCD              NMI_Handler ; NMI Handler
   59 0000000C 00000000        DCD              HardFault_Handler ; Hard Fault 
                                                            Handler
   60 00000010 00000000        DCD              MemManage_Handler 
                                                            ; MPU Fault Handler
                                                            
   61 00000014 00000000        DCD              BusFault_Handler 
                                                            ; Bus Fault Handler
                                                            
   62 00000018 00000000        DCD              UsageFault_Handler ; Usage Faul
                                                            t Handler
   63 0000001C 00000000        DCD              0           ; Reserved
   64 00000020 00000000        DCD              0           ; Reserved
   65 00000024 00000000        DCD              0           ; Reserved
   66 00000028 00000000        DCD              0           ; Reserved
   67 0000002C 00000000        DCD              SVC_Handler ; SVCall Handler
   68 00000030 00000000        DCD              DebugMon_Handler ; Debug Monito
                                                            r Handler
   69 00000034 00000000        DCD              0           ; Reserved
   70 00000038 00000000        DCD              PendSV_Handler ; PendSV Handler
                                                            
   71 0000003C 00000000        DCD              SysTick_Handler 
                                                            ; SysTick Handler
   72 00000040         
   73 00000040         ; External Interrupts
   74 00000040 00000000        DCD              WWDG_IRQHandler 



ARM Macro Assembler    Page 3 


                                                            ; Window Watchdog
   75 00000044 00000000        DCD              PVD_IRQHandler ; PVD through EX
                                                            TI Line detect
   76 00000048 00000000        DCD              TAMPER_IRQHandler ; Tamper
   77 0000004C 00000000        DCD              RTC_IRQHandler ; RTC
   78 00000050 00000000        DCD              FLASH_IRQHandler ; Flash
   79 00000054 00000000        DCD              RCC_IRQHandler ; RCC
   80 00000058 00000000        DCD              EXTI0_IRQHandler ; EXTI Line 0
   81 0000005C 00000000        DCD              EXTI1_IRQHandler ; EXTI Line 1
   82 00000060 00000000        DCD              EXTI2_IRQHandler ; EXTI Line 2
   83 00000064 00000000        DCD              EXTI3_IRQHandler ; EXTI Line 3
   84 00000068 00000000        DCD              EXTI4_IRQHandler ; EXTI Line 4
   85 0000006C 00000000        DCD              DMA1_Channel1_IRQHandler 
                                                            ; DMA1 Channel 1
   86 00000070 00000000        DCD              DMA1_Channel2_IRQHandler 
                                                            ; DMA1 Channel 2
   87 00000074 00000000        DCD              DMA1_Channel3_IRQHandler 
                                                            ; DMA1 Channel 3
   88 00000078 00000000        DCD              DMA1_Channel4_IRQHandler 
                                                            ; DMA1 Channel 4
   89 0000007C 00000000        DCD              DMA1_Channel5_IRQHandler 
                                                            ; DMA1 Channel 5
   90 00000080 00000000        DCD              DMA1_Channel6_IRQHandler 
                                                            ; DMA1 Channel 6
   91 00000084 00000000        DCD              DMA1_Channel7_IRQHandler 
                                                            ; DMA1 Channel 7
   92 00000088 00000000        DCD              ADC1_2_IRQHandler 
                                                            ; ADC1 and ADC2
   93 0000008C 00000000        DCD              CAN1_TX_IRQHandler ; CAN1 TX
   94 00000090 00000000        DCD              CAN1_RX0_IRQHandler ; CAN1 RX0
   95 00000094 00000000        DCD              CAN1_RX1_IRQHandler ; CAN1 RX1
   96 00000098 00000000        DCD              CAN1_SCE_IRQHandler ; CAN1 SCE
   97 0000009C 00000000        DCD              EXTI9_5_IRQHandler 
                                                            ; EXTI Line 9..5
   98 000000A0 00000000        DCD              TIM1_BRK_IRQHandler 
                                                            ; TIM1 Break
   99 000000A4 00000000        DCD              TIM1_UP_IRQHandler 
                                                            ; TIM1 Update
  100 000000A8 00000000        DCD              TIM1_TRG_COM_IRQHandler ; TIM1 
                                                            Trigger and Commuta
                                                            tion
  101 000000AC 00000000        DCD              TIM1_CC_IRQHandler ; TIM1 Captu
                                                            re Compare
  102 000000B0 00000000        DCD              TIM2_IRQHandler ; TIM2
  103 000000B4 00000000        DCD              TIM3_IRQHandler ; TIM3
  104 000000B8 00000000        DCD              TIM4_IRQHandler ; TIM4
  105 000000BC 00000000        DCD              I2C1_EV_IRQHandler ; I2C1 Event
                                                            
  106 000000C0 00000000        DCD              I2C1_ER_IRQHandler ; I2C1 Error
                                                            
  107 000000C4 00000000        DCD              I2C2_EV_IRQHandler ; I2C2 Event
                                                            
  108 000000C8 00000000        DCD              I2C2_ER_IRQHandler ; I2C1 Error
                                                            
  109 000000CC 00000000        DCD              SPI1_IRQHandler ; SPI1
  110 000000D0 00000000        DCD              SPI2_IRQHandler ; SPI2
  111 000000D4 00000000        DCD              USART1_IRQHandler ; USART1
  112 000000D8 00000000        DCD              USART2_IRQHandler ; USART2
  113 000000DC 00000000        DCD              USART3_IRQHandler ; USART3



ARM Macro Assembler    Page 4 


  114 000000E0 00000000        DCD              EXTI15_10_IRQHandler 
                                                            ; EXTI Line 15..10
  115 000000E4 00000000        DCD              RTC_Alarm_IRQHandler ; RTC alar
                                                            m through EXTI line
                                                            
  116 000000E8 00000000        DCD              OTG_FS_WKUP_IRQHandler ; USB OT
                                                            G FS Wakeup through
                                                             EXTI line
  117 000000EC 00000000        DCD              0           ; Reserved
  118 000000F0 00000000        DCD              0           ; Reserved
  119 000000F4 00000000        DCD              0           ; Reserved
  120 000000F8 00000000        DCD              0           ; Reserved
  121 000000FC 00000000        DCD              0           ; Reserved
  122 00000100 00000000        DCD              0           ; Reserved
  123 00000104 00000000        DCD              0           ; Reserved
  124 00000108 00000000        DCD              TIM5_IRQHandler ; TIM5
  125 0000010C 00000000        DCD              SPI3_IRQHandler ; SPI3
  126 00000110 00000000        DCD              UART4_IRQHandler ; UART4
  127 00000114 00000000        DCD              UART5_IRQHandler ; UART5
  128 00000118 00000000        DCD              TIM6_IRQHandler ; TIM6
  129 0000011C 00000000        DCD              TIM7_IRQHandler ; TIM7
  130 00000120 00000000        DCD              DMA2_Channel1_IRQHandler 
                                                            ; DMA2 Channel1
  131 00000124 00000000        DCD              DMA2_Channel2_IRQHandler 
                                                            ; DMA2 Channel2
  132 00000128 00000000        DCD              DMA2_Channel3_IRQHandler 
                                                            ; DMA2 Channel3
  133 0000012C 00000000        DCD              DMA2_Channel4_IRQHandler 
                                                            ; DMA2 Channel4
  134 00000130 00000000        DCD              DMA2_Channel5_IRQHandler 
                                                            ; DMA2 Channel5
  135 00000134 00000000        DCD              0           ; Reserved
  136 00000138 00000000        DCD              0           ; Reserved
  137 0000013C 00000000        DCD              CAN2_TX_IRQHandler ; CAN2 TX
  138 00000140 00000000        DCD              CAN2_RX0_IRQHandler ; CAN2 RX0
  139 00000144 00000000        DCD              CAN2_RX1_IRQHandler ; CAN2 RX1
  140 00000148 00000000        DCD              CAN2_SCE_IRQHandler ; CAN2 SCE
  141 0000014C 00000000        DCD              OTG_FS_IRQHandler ; USB OTG FS
  142 00000150         __Vectors_End
  143 00000150         
  144 00000150 00000150 
                       __Vectors_Size
                               EQU              __Vectors_End - __Vectors
  145 00000150         
  146 00000150                 AREA             |.text|, CODE, READONLY
  147 00000000         
  148 00000000         ; Reset handler
  149 00000000         Reset_Handler
                               PROC
  150 00000000                 EXPORT           Reset_Handler             [WEAK
]
  151 00000000                 IMPORT           __main
  152 00000000                 IMPORT           SystemInit
  153 00000000 4806            LDR              R0, =SystemInit
  154 00000002 4780            BLX              R0
  155 00000004 4806            LDR              R0, =__main
  156 00000006 4700            BX               R0
  157 00000008                 ENDP
  158 00000008         



ARM Macro Assembler    Page 5 


  159 00000008         ; Dummy Exception Handlers (infinite loops which can be 
                       modified)
  160 00000008         
  161 00000008         NMI_Handler
                               PROC
  162 00000008                 EXPORT           NMI_Handler                [WEA
K]
  163 00000008 E7FE            B                .
  164 0000000A                 ENDP
  165 0000000A         HardFault_Handler
                               PROC
  166 0000000A         
  167 0000000A                 EXPORT           HardFault_Handler          [WEA
K]
  168 0000000A E7FE            B                .
  169 0000000C                 ENDP
  170 0000000C         MemManage_Handler
                               PROC
  171 0000000C         
  172 0000000C                 EXPORT           MemManage_Handler          [WEA
K]
  173 0000000C E7FE            B                .
  174 0000000E                 ENDP
  175 0000000E         BusFault_Handler
                               PROC
  176 0000000E         
  177 0000000E                 EXPORT           BusFault_Handler           [WEA
K]
  178 0000000E E7FE            B                .
  179 00000010                 ENDP
  180 00000010         UsageFault_Handler
                               PROC
  181 00000010         
  182 00000010                 EXPORT           UsageFault_Handler         [WEA
K]
  183 00000010 E7FE            B                .
  184 00000012                 ENDP
  185 00000012         SVC_Handler
                               PROC
  186 00000012                 EXPORT           SVC_Handler                [WEA
K]
  187 00000012 E7FE            B                .
  188 00000014                 ENDP
  189 00000014         DebugMon_Handler
                               PROC
  190 00000014         
  191 00000014                 EXPORT           DebugMon_Handler           [WEA
K]
  192 00000014 E7FE            B                .
  193 00000016                 ENDP
  194 00000016         PendSV_Handler
                               PROC
  195 00000016                 EXPORT           PendSV_Handler             [WEA
K]
  196 00000016 E7FE            B                .
  197 00000018                 ENDP
  198 00000018         SysTick_Handler
                               PROC
  199 00000018                 EXPORT           SysTick_Handler            [WEA



ARM Macro Assembler    Page 6 


K]
  200 00000018 E7FE            B                .
  201 0000001A                 ENDP
  202 0000001A         
  203 0000001A         Default_Handler
                               PROC
  204 0000001A         
  205 0000001A                 EXPORT           WWDG_IRQHandler            [WEA
K]
  206 0000001A                 EXPORT           PVD_IRQHandler             [WEA
K]
  207 0000001A                 EXPORT           TAMPER_IRQHandler          [WEA
K]
  208 0000001A                 EXPORT           RTC_IRQHandler             [WEA
K]
  209 0000001A                 EXPORT           FLASH_IRQHandler           [WEA
K]
  210 0000001A                 EXPORT           RCC_IRQHandler             [WEA
K]
  211 0000001A                 EXPORT           EXTI0_IRQHandler           [WEA
K]
  212 0000001A                 EXPORT           EXTI1_IRQHandler           [WEA
K]
  213 0000001A                 EXPORT           EXTI2_IRQHandler           [WEA
K]
  214 0000001A                 EXPORT           EXTI3_IRQHandler           [WEA
K]
  215 0000001A                 EXPORT           EXTI4_IRQHandler           [WEA
K]
  216 0000001A                 EXPORT           DMA1_Channel1_IRQHandler   [WEA
K]
  217 0000001A                 EXPORT           DMA1_Channel2_IRQHandler   [WEA
K]
  218 0000001A                 EXPORT           DMA1_Channel3_IRQHandler   [WEA
K]
  219 0000001A                 EXPORT           DMA1_Channel4_IRQHandler   [WEA
K]
  220 0000001A                 EXPORT           DMA1_Channel5_IRQHandler   [WEA
K]
  221 0000001A                 EXPORT           DMA1_Channel6_IRQHandler   [WEA
K]
  222 0000001A                 EXPORT           DMA1_Channel7_IRQHandler   [WEA
K]
  223 0000001A                 EXPORT           ADC1_2_IRQHandler          [WEA
K]
  224 0000001A                 EXPORT           CAN1_TX_IRQHandler         [WEA
K]
  225 0000001A                 EXPORT           CAN1_RX0_IRQHandler        [WEA
K]
  226 0000001A                 EXPORT           CAN1_RX1_IRQHandler        [WEA
K]
  227 0000001A                 EXPORT           CAN1_SCE_IRQHandler        [WEA
K]
  228 0000001A                 EXPORT           EXTI9_5_IRQHandler         [WEA
K]
  229 0000001A                 EXPORT           TIM1_BRK_IRQHandler        [WEA
K]
  230 0000001A                 EXPORT           TIM1_UP_IRQHandler         [WEA
K]



ARM Macro Assembler    Page 7 


  231 0000001A                 EXPORT           TIM1_TRG_COM_IRQHandler    [WEA
K]
  232 0000001A                 EXPORT           TIM1_CC_IRQHandler         [WEA
K]
  233 0000001A                 EXPORT           TIM2_IRQHandler            [WEA
K]
  234 0000001A                 EXPORT           TIM3_IRQHandler            [WEA
K]
  235 0000001A                 EXPORT           TIM4_IRQHandler            [WEA
K]
  236 0000001A                 EXPORT           I2C1_EV_IRQHandler         [WEA
K]
  237 0000001A                 EXPORT           I2C1_ER_IRQHandler         [WEA
K]
  238 0000001A                 EXPORT           I2C2_EV_IRQHandler         [WEA
K]
  239 0000001A                 EXPORT           I2C2_ER_IRQHandler         [WEA
K]
  240 0000001A                 EXPORT           SPI1_IRQHandler            [WEA
K]
  241 0000001A                 EXPORT           SPI2_IRQHandler            [WEA
K]
  242 0000001A                 EXPORT           USART1_IRQHandler          [WEA
K]
  243 0000001A                 EXPORT           USART2_IRQHandler          [WEA
K]
  244 0000001A                 EXPORT           USART3_IRQHandler          [WEA
K]
  245 0000001A                 EXPORT           EXTI15_10_IRQHandler       [WEA
K]
  246 0000001A                 EXPORT           RTC_Alarm_IRQHandler        [WE
AK]
  247 0000001A                 EXPORT           OTG_FS_WKUP_IRQHandler     [WEA
K]
  248 0000001A                 EXPORT           TIM5_IRQHandler            [WEA
K]
  249 0000001A                 EXPORT           SPI3_IRQHandler            [WEA
K]
  250 0000001A                 EXPORT           UART4_IRQHandler           [WEA
K]
  251 0000001A                 EXPORT           UART5_IRQHandler           [WEA
K]
  252 0000001A                 EXPORT           TIM6_IRQHandler            [WEA
K]
  253 0000001A                 EXPORT           TIM7_IRQHandler            [WEA
K]
  254 0000001A                 EXPORT           DMA2_Channel1_IRQHandler   [WEA
K]
  255 0000001A                 EXPORT           DMA2_Channel2_IRQHandler   [WEA
K]
  256 0000001A                 EXPORT           DMA2_Channel3_IRQHandler   [WEA
K]
  257 0000001A                 EXPORT           DMA2_Channel4_IRQHandler   [WEA
K]
  258 0000001A                 EXPORT           DMA2_Channel5_IRQHandler   [WEA
K]
  259 0000001A                 EXPORT           CAN2_TX_IRQHandler         [WEA
K]
  260 0000001A                 EXPORT           CAN2_RX0_IRQHandler        [WEA



ARM Macro Assembler    Page 8 


K]
  261 0000001A                 EXPORT           CAN2_RX1_IRQHandler        [WEA
K]
  262 0000001A                 EXPORT           CAN2_SCE_IRQHandler        [WEA
K]
  263 0000001A                 EXPORT           OTG_FS_IRQHandler          [WEA
K]
  264 0000001A         
  265 0000001A         WWDG_IRQHandler
  266 0000001A         PVD_IRQHandler
  267 0000001A         TAMPER_IRQHandler
  268 0000001A         RTC_IRQHandler
  269 0000001A         FLASH_IRQHandler
  270 0000001A         RCC_IRQHandler
  271 0000001A         EXTI0_IRQHandler
  272 0000001A         EXTI1_IRQHandler
  273 0000001A         EXTI2_IRQHandler
  274 0000001A         EXTI3_IRQHandler
  275 0000001A         EXTI4_IRQHandler
  276 0000001A         DMA1_Channel1_IRQHandler
  277 0000001A         DMA1_Channel2_IRQHandler
  278 0000001A         DMA1_Channel3_IRQHandler
  279 0000001A         DMA1_Channel4_IRQHandler
  280 0000001A         DMA1_Channel5_IRQHandler
  281 0000001A         DMA1_Channel6_IRQHandler
  282 0000001A         DMA1_Channel7_IRQHandler
  283 0000001A         ADC1_2_IRQHandler
  284 0000001A         CAN1_TX_IRQHandler
  285 0000001A         CAN1_RX0_IRQHandler
  286 0000001A         CAN1_RX1_IRQHandler
  287 0000001A         CAN1_SCE_IRQHandler
  288 0000001A         EXTI9_5_IRQHandler
  289 0000001A         TIM1_BRK_IRQHandler
  290 0000001A         TIM1_UP_IRQHandler
  291 0000001A         TIM1_TRG_COM_IRQHandler
  292 0000001A         TIM1_CC_IRQHandler
  293 0000001A         TIM2_IRQHandler
  294 0000001A         TIM3_IRQHandler
  295 0000001A         TIM4_IRQHandler
  296 0000001A         I2C1_EV_IRQHandler
  297 0000001A         I2C1_ER_IRQHandler
  298 0000001A         I2C2_EV_IRQHandler
  299 0000001A         I2C2_ER_IRQHandler
  300 0000001A         SPI1_IRQHandler
  301 0000001A         SPI2_IRQHandler
  302 0000001A         USART1_IRQHandler
  303 0000001A         USART2_IRQHandler
  304 0000001A         USART3_IRQHandler
  305 0000001A         EXTI15_10_IRQHandler
  306 0000001A         RTC_Alarm_IRQHandler
  307 0000001A         OTG_FS_WKUP_IRQHandler
  308 0000001A         TIM5_IRQHandler
  309 0000001A         SPI3_IRQHandler
  310 0000001A         UART4_IRQHandler
  311 0000001A         UART5_IRQHandler
  312 0000001A         TIM6_IRQHandler
  313 0000001A         TIM7_IRQHandler
  314 0000001A         DMA2_Channel1_IRQHandler
  315 0000001A         DMA2_Channel2_IRQHandler



ARM Macro Assembler    Page 9 


  316 0000001A         DMA2_Channel3_IRQHandler
  317 0000001A         DMA2_Channel4_IRQHandler
  318 0000001A         DMA2_Channel5_IRQHandler
  319 0000001A         CAN2_TX_IRQHandler
  320 0000001A         CAN2_RX0_IRQHandler
  321 0000001A         CAN2_RX1_IRQHandler
  322 0000001A         CAN2_SCE_IRQHandler
  323 0000001A         OTG_FS_IRQHandler
  324 0000001A         
  325 0000001A E7FE            B                .
  326 0000001C         
  327 0000001C                 ENDP
  328 0000001C         
  329 0000001C                 ALIGN
  330 0000001C                 END
              00000000 
              00000000 
Command Line: --debug --xref --cpreproc --diag_suppress=9931 --cpu=Cortex-M3 --
apcs=interwork --depend=.\build\uvision5\startup_stm32f105xc.d -o.\build\uvisio
n5\startup_stm32f105xc.o -ID:\LEARNING\mbed\mbed-os-stm32f103-20161208(GSM-USB-
SDCARD)\RTE\_mbed-os-stm32f103 -IC:\Keil_v5\ARM\PACK\Keil\STM32F1xx_DFP\2.1.0\D
evice\Include -IC:\Keil_v5\ARM\CMSIS\Include --predefine="__UVISION_VERSION SET
A 522" --predefine="STM32F10X_CL SETA 1" --cpreproc_opts=-D__ASSERT_MSG,-D__COR
TEX_M3,-D__CMSIS_RTOS,-DARM_MATH_CM3,-D__MBED_CMSIS_RTOS_CM --list=.\build\star
tup_stm32f105xc.lst mbed-os\targets\TARGET_STM\TARGET_STM32F1\TARGET_NUCLEO_F10
3RB\device\TOOLCHAIN_ARM_STD\startup_stm32f105xc.s



ARM Macro Assembler    Page 1 Alphabetic symbol ordering
Relocatable symbols

RESET 00000000

Symbol: RESET
   Definitions
      At line 51 in file mbed-os\\targets\\TARGET_STM\\TARGET_STM32F1\\TARGET_N
UCLEO_F103RB\\device\\TOOLCHAIN_ARM_STD\\startup_stm32f105xc.s
   Uses
      None
Comment: RESET unused
__Vectors 00000000

Symbol: __Vectors
   Definitions
      At line 56 in file mbed-os\\targets\\TARGET_STM\\TARGET_STM32F1\\TARGET_N
UCLEO_F103RB\\device\\TOOLCHAIN_ARM_STD\\startup_stm32f105xc.s
   Uses
      At line 52 in file mbed-os\\targets\\TARGET_STM\\TARGET_STM32F1\\TARGET_N
UCLEO_F103RB\\device\\TOOLCHAIN_ARM_STD\\startup_stm32f105xc.s
      At line 144 in file mbed-os\\targets\\TARGET_STM\\TARGET_STM32F1\\TARGET_
NUCLEO_F103RB\\device\\TOOLCHAIN_ARM_STD\\startup_stm32f105xc.s

__Vectors_End 00000150

Symbol: __Vectors_End
   Definitions
      At line 142 in file mbed-os\\targets\\TARGET_STM\\TARGET_STM32F1\\TARGET_
NUCLEO_F103RB\\device\\TOOLCHAIN_ARM_STD\\startup_stm32f105xc.s
   Uses
      At line 53 in file mbed-os\\targets\\TARGET_STM\\TARGET_STM32F1\\TARGET_N
UCLEO_F103RB\\device\\TOOLCHAIN_ARM_STD\\startup_stm32f105xc.s
      At line 144 in file mbed-os\\targets\\TARGET_STM\\TARGET_STM32F1\\TARGET_
NUCLEO_F103RB\\device\\TOOLCHAIN_ARM_STD\\startup_stm32f105xc.s

3 symbols



ARM Macro Assembler    Page 1 Alphabetic symbol ordering
Relocatable symbols

.text 00000000

Symbol: .text
   Definitions
      At line 146 in file mbed-os\\targets\\TARGET_STM\\TARGET_STM32F1\\TARGET_
NUCLEO_F103RB\\device\\TOOLCHAIN_ARM_STD\\startup_stm32f105xc.s
   Uses
      None
Comment: .text unused
ADC1_2_IRQHandler 0000001A

Symbol: ADC1_2_IRQHandler
   Definitions
      At line 283 in file mbed-os\\targets\\TARGET_STM\\TARGET_STM32F1\\TARGET_
NUCLEO_F103RB\\device\\TOOLCHAIN_ARM_STD\\startup_stm32f105xc.s
   Uses
      At line 92 in file mbed-os\\targets\\TARGET_STM\\TARGET_STM32F1\\TARGET_N
UCLEO_F103RB\\device\\TOOLCHAIN_ARM_STD\\startup_stm32f105xc.s
      At line 223 in file mbed-os\\targets\\TARGET_STM\\TARGET_STM32F1\\TARGET_
NUCLEO_F103RB\\device\\TOOLCHAIN_ARM_STD\\startup_stm32f105xc.s

BusFault_Handler 0000000E

Symbol: BusFault_Handler
   Definitions
      At line 175 in file mbed-os\\targets\\TARGET_STM\\TARGET_STM32F1\\TARGET_
NUCLEO_F103RB\\device\\TOOLCHAIN_ARM_STD\\startup_stm32f105xc.s
   Uses
      At line 61 in file mbed-os\\targets\\TARGET_STM\\TARGET_STM32F1\\TARGET_N
UCLEO_F103RB\\device\\TOOLCHAIN_ARM_STD\\startup_stm32f105xc.s
      At line 177 in file mbed-os\\targets\\TARGET_STM\\TARGET_STM32F1\\TARGET_
NUCLEO_F103RB\\device\\TOOLCHAIN_ARM_STD\\startup_stm32f105xc.s

CAN1_RX0_IRQHandler 0000001A

Symbol: CAN1_RX0_IRQHandler
   Definitions
      At line 285 in file mbed-os\\targets\\TARGET_STM\\TARGET_STM32F1\\TARGET_
NUCLEO_F103RB\\device\\TOOLCHAIN_ARM_STD\\startup_stm32f105xc.s
   Uses
      At line 94 in file mbed-os\\targets\\TARGET_STM\\TARGET_STM32F1\\TARGET_N
UCLEO_F103RB\\device\\TOOLCHAIN_ARM_STD\\startup_stm32f105xc.s
      At line 225 in file mbed-os\\targets\\TARGET_STM\\TARGET_STM32F1\\TARGET_
NUCLEO_F103RB\\device\\TOOLCHAIN_ARM_STD\\startup_stm32f105xc.s

CAN1_RX1_IRQHandler 0000001A

Symbol: CAN1_RX1_IRQHandler
   Definitions
      At line 286 in file mbed-os\\targets\\TARGET_STM\\TARGET_STM32F1\\TARGET_
NUCLEO_F103RB\\device\\TOOLCHAIN_ARM_STD\\startup_stm32f105xc.s
   Uses
      At line 95 in file mbed-os\\targets\\TARGET_STM\\TARGET_STM32F1\\TARGET_N
UCLEO_F103RB\\device\\TOOLCHAIN_ARM_STD\\startup_stm32f105xc.s
      At line 226 in file mbed-os\\targets\\TARGET_STM\\TARGET_STM32F1\\TARGET_
NUCLEO_F103RB\\device\\TOOLCHAIN_ARM_STD\\startup_stm32f105xc.s

CAN1_SCE_IRQHandler 0000001A




ARM Macro Assembler    Page 2 Alphabetic symbol ordering
Relocatable symbols

Symbol: CAN1_SCE_IRQHandler
   Definitions
      At line 287 in file mbed-os\\targets\\TARGET_STM\\TARGET_STM32F1\\TARGET_
NUCLEO_F103RB\\device\\TOOLCHAIN_ARM_STD\\startup_stm32f105xc.s
   Uses
      At line 96 in file mbed-os\\targets\\TARGET_STM\\TARGET_STM32F1\\TARGET_N
UCLEO_F103RB\\device\\TOOLCHAIN_ARM_STD\\startup_stm32f105xc.s
      At line 227 in file mbed-os\\targets\\TARGET_STM\\TARGET_STM32F1\\TARGET_
NUCLEO_F103RB\\device\\TOOLCHAIN_ARM_STD\\startup_stm32f105xc.s

CAN1_TX_IRQHandler 0000001A

Symbol: CAN1_TX_IRQHandler
   Definitions
      At line 284 in file mbed-os\\targets\\TARGET_STM\\TARGET_STM32F1\\TARGET_
NUCLEO_F103RB\\device\\TOOLCHAIN_ARM_STD\\startup_stm32f105xc.s
   Uses
      At line 93 in file mbed-os\\targets\\TARGET_STM\\TARGET_STM32F1\\TARGET_N
UCLEO_F103RB\\device\\TOOLCHAIN_ARM_STD\\startup_stm32f105xc.s
      At line 224 in file mbed-os\\targets\\TARGET_STM\\TARGET_STM32F1\\TARGET_
NUCLEO_F103RB\\device\\TOOLCHAIN_ARM_STD\\startup_stm32f105xc.s

CAN2_RX0_IRQHandler 0000001A

Symbol: CAN2_RX0_IRQHandler
   Definitions
      At line 320 in file mbed-os\\targets\\TARGET_STM\\TARGET_STM32F1\\TARGET_
NUCLEO_F103RB\\device\\TOOLCHAIN_ARM_STD\\startup_stm32f105xc.s
   Uses
      At line 138 in file mbed-os\\targets\\TARGET_STM\\TARGET_STM32F1\\TARGET_
NUCLEO_F103RB\\device\\TOOLCHAIN_ARM_STD\\startup_stm32f105xc.s
      At line 260 in file mbed-os\\targets\\TARGET_STM\\TARGET_STM32F1\\TARGET_
NUCLEO_F103RB\\device\\TOOLCHAIN_ARM_STD\\startup_stm32f105xc.s

CAN2_RX1_IRQHandler 0000001A

Symbol: CAN2_RX1_IRQHandler
   Definitions
      At line 321 in file mbed-os\\targets\\TARGET_STM\\TARGET_STM32F1\\TARGET_
NUCLEO_F103RB\\device\\TOOLCHAIN_ARM_STD\\startup_stm32f105xc.s
   Uses
      At line 139 in file mbed-os\\targets\\TARGET_STM\\TARGET_STM32F1\\TARGET_
NUCLEO_F103RB\\device\\TOOLCHAIN_ARM_STD\\startup_stm32f105xc.s
      At line 261 in file mbed-os\\targets\\TARGET_STM\\TARGET_STM32F1\\TARGET_
NUCLEO_F103RB\\device\\TOOLCHAIN_ARM_STD\\startup_stm32f105xc.s

CAN2_SCE_IRQHandler 0000001A

Symbol: CAN2_SCE_IRQHandler
   Definitions
      At line 322 in file mbed-os\\targets\\TARGET_STM\\TARGET_STM32F1\\TARGET_
NUCLEO_F103RB\\device\\TOOLCHAIN_ARM_STD\\startup_stm32f105xc.s
   Uses
      At line 140 in file mbed-os\\targets\\TARGET_STM\\TARGET_STM32F1\\TARGET_
NUCLEO_F103RB\\device\\TOOLCHAIN_ARM_STD\\startup_stm32f105xc.s
      At line 262 in file mbed-os\\targets\\TARGET_STM\\TARGET_STM32F1\\TARGET_
NUCLEO_F103RB\\device\\TOOLCHAIN_ARM_STD\\startup_stm32f105xc.s

CAN2_TX_IRQHandler 0000001A



ARM Macro Assembler    Page 3 Alphabetic symbol ordering
Relocatable symbols


Symbol: CAN2_TX_IRQHandler
   Definitions
      At line 319 in file mbed-os\\targets\\TARGET_STM\\TARGET_STM32F1\\TARGET_
NUCLEO_F103RB\\device\\TOOLCHAIN_ARM_STD\\startup_stm32f105xc.s
   Uses
      At line 137 in file mbed-os\\targets\\TARGET_STM\\TARGET_STM32F1\\TARGET_
NUCLEO_F103RB\\device\\TOOLCHAIN_ARM_STD\\startup_stm32f105xc.s
      At line 259 in file mbed-os\\targets\\TARGET_STM\\TARGET_STM32F1\\TARGET_
NUCLEO_F103RB\\device\\TOOLCHAIN_ARM_STD\\startup_stm32f105xc.s

DMA1_Channel1_IRQHandler 0000001A

Symbol: DMA1_Channel1_IRQHandler
   Definitions
      At line 276 in file mbed-os\\targets\\TARGET_STM\\TARGET_STM32F1\\TARGET_
NUCLEO_F103RB\\device\\TOOLCHAIN_ARM_STD\\startup_stm32f105xc.s
   Uses
      At line 85 in file mbed-os\\targets\\TARGET_STM\\TARGET_STM32F1\\TARGET_N
UCLEO_F103RB\\device\\TOOLCHAIN_ARM_STD\\startup_stm32f105xc.s
      At line 216 in file mbed-os\\targets\\TARGET_STM\\TARGET_STM32F1\\TARGET_
NUCLEO_F103RB\\device\\TOOLCHAIN_ARM_STD\\startup_stm32f105xc.s

DMA1_Channel2_IRQHandler 0000001A

Symbol: DMA1_Channel2_IRQHandler
   Definitions
      At line 277 in file mbed-os\\targets\\TARGET_STM\\TARGET_STM32F1\\TARGET_
NUCLEO_F103RB\\device\\TOOLCHAIN_ARM_STD\\startup_stm32f105xc.s
   Uses
      At line 86 in file mbed-os\\targets\\TARGET_STM\\TARGET_STM32F1\\TARGET_N
UCLEO_F103RB\\device\\TOOLCHAIN_ARM_STD\\startup_stm32f105xc.s
      At line 217 in file mbed-os\\targets\\TARGET_STM\\TARGET_STM32F1\\TARGET_
NUCLEO_F103RB\\device\\TOOLCHAIN_ARM_STD\\startup_stm32f105xc.s

DMA1_Channel3_IRQHandler 0000001A

Symbol: DMA1_Channel3_IRQHandler
   Definitions
      At line 278 in file mbed-os\\targets\\TARGET_STM\\TARGET_STM32F1\\TARGET_
NUCLEO_F103RB\\device\\TOOLCHAIN_ARM_STD\\startup_stm32f105xc.s
   Uses
      At line 87 in file mbed-os\\targets\\TARGET_STM\\TARGET_STM32F1\\TARGET_N
UCLEO_F103RB\\device\\TOOLCHAIN_ARM_STD\\startup_stm32f105xc.s
      At line 218 in file mbed-os\\targets\\TARGET_STM\\TARGET_STM32F1\\TARGET_
NUCLEO_F103RB\\device\\TOOLCHAIN_ARM_STD\\startup_stm32f105xc.s

DMA1_Channel4_IRQHandler 0000001A

Symbol: DMA1_Channel4_IRQHandler
   Definitions
      At line 279 in file mbed-os\\targets\\TARGET_STM\\TARGET_STM32F1\\TARGET_
NUCLEO_F103RB\\device\\TOOLCHAIN_ARM_STD\\startup_stm32f105xc.s
   Uses
      At line 88 in file mbed-os\\targets\\TARGET_STM\\TARGET_STM32F1\\TARGET_N
UCLEO_F103RB\\device\\TOOLCHAIN_ARM_STD\\startup_stm32f105xc.s
      At line 219 in file mbed-os\\targets\\TARGET_STM\\TARGET_STM32F1\\TARGET_
NUCLEO_F103RB\\device\\TOOLCHAIN_ARM_STD\\startup_stm32f105xc.s




ARM Macro Assembler    Page 4 Alphabetic symbol ordering
Relocatable symbols

DMA1_Channel5_IRQHandler 0000001A

Symbol: DMA1_Channel5_IRQHandler
   Definitions
      At line 280 in file mbed-os\\targets\\TARGET_STM\\TARGET_STM32F1\\TARGET_
NUCLEO_F103RB\\device\\TOOLCHAIN_ARM_STD\\startup_stm32f105xc.s
   Uses
      At line 89 in file mbed-os\\targets\\TARGET_STM\\TARGET_STM32F1\\TARGET_N
UCLEO_F103RB\\device\\TOOLCHAIN_ARM_STD\\startup_stm32f105xc.s
      At line 220 in file mbed-os\\targets\\TARGET_STM\\TARGET_STM32F1\\TARGET_
NUCLEO_F103RB\\device\\TOOLCHAIN_ARM_STD\\startup_stm32f105xc.s

DMA1_Channel6_IRQHandler 0000001A

Symbol: DMA1_Channel6_IRQHandler
   Definitions
      At line 281 in file mbed-os\\targets\\TARGET_STM\\TARGET_STM32F1\\TARGET_
NUCLEO_F103RB\\device\\TOOLCHAIN_ARM_STD\\startup_stm32f105xc.s
   Uses
      At line 90 in file mbed-os\\targets\\TARGET_STM\\TARGET_STM32F1\\TARGET_N
UCLEO_F103RB\\device\\TOOLCHAIN_ARM_STD\\startup_stm32f105xc.s
      At line 221 in file mbed-os\\targets\\TARGET_STM\\TARGET_STM32F1\\TARGET_
NUCLEO_F103RB\\device\\TOOLCHAIN_ARM_STD\\startup_stm32f105xc.s

DMA1_Channel7_IRQHandler 0000001A

Symbol: DMA1_Channel7_IRQHandler
   Definitions
      At line 282 in file mbed-os\\targets\\TARGET_STM\\TARGET_STM32F1\\TARGET_
NUCLEO_F103RB\\device\\TOOLCHAIN_ARM_STD\\startup_stm32f105xc.s
   Uses
      At line 91 in file mbed-os\\targets\\TARGET_STM\\TARGET_STM32F1\\TARGET_N
UCLEO_F103RB\\device\\TOOLCHAIN_ARM_STD\\startup_stm32f105xc.s
      At line 222 in file mbed-os\\targets\\TARGET_STM\\TARGET_STM32F1\\TARGET_
NUCLEO_F103RB\\device\\TOOLCHAIN_ARM_STD\\startup_stm32f105xc.s

DMA2_Channel1_IRQHandler 0000001A

Symbol: DMA2_Channel1_IRQHandler
   Definitions
      At line 314 in file mbed-os\\targets\\TARGET_STM\\TARGET_STM32F1\\TARGET_
NUCLEO_F103RB\\device\\TOOLCHAIN_ARM_STD\\startup_stm32f105xc.s
   Uses
      At line 130 in file mbed-os\\targets\\TARGET_STM\\TARGET_STM32F1\\TARGET_
NUCLEO_F103RB\\device\\TOOLCHAIN_ARM_STD\\startup_stm32f105xc.s
      At line 254 in file mbed-os\\targets\\TARGET_STM\\TARGET_STM32F1\\TARGET_
NUCLEO_F103RB\\device\\TOOLCHAIN_ARM_STD\\startup_stm32f105xc.s

DMA2_Channel2_IRQHandler 0000001A

Symbol: DMA2_Channel2_IRQHandler
   Definitions
      At line 315 in file mbed-os\\targets\\TARGET_STM\\TARGET_STM32F1\\TARGET_
NUCLEO_F103RB\\device\\TOOLCHAIN_ARM_STD\\startup_stm32f105xc.s
   Uses
      At line 131 in file mbed-os\\targets\\TARGET_STM\\TARGET_STM32F1\\TARGET_
NUCLEO_F103RB\\device\\TOOLCHAIN_ARM_STD\\startup_stm32f105xc.s
      At line 255 in file mbed-os\\targets\\TARGET_STM\\TARGET_STM32F1\\TARGET_
NUCLEO_F103RB\\device\\TOOLCHAIN_ARM_STD\\startup_stm32f105xc.s



ARM Macro Assembler    Page 5 Alphabetic symbol ordering
Relocatable symbols


DMA2_Channel3_IRQHandler 0000001A

Symbol: DMA2_Channel3_IRQHandler
   Definitions
      At line 316 in file mbed-os\\targets\\TARGET_STM\\TARGET_STM32F1\\TARGET_
NUCLEO_F103RB\\device\\TOOLCHAIN_ARM_STD\\startup_stm32f105xc.s
   Uses
      At line 132 in file mbed-os\\targets\\TARGET_STM\\TARGET_STM32F1\\TARGET_
NUCLEO_F103RB\\device\\TOOLCHAIN_ARM_STD\\startup_stm32f105xc.s
      At line 256 in file mbed-os\\targets\\TARGET_STM\\TARGET_STM32F1\\TARGET_
NUCLEO_F103RB\\device\\TOOLCHAIN_ARM_STD\\startup_stm32f105xc.s

DMA2_Channel4_IRQHandler 0000001A

Symbol: DMA2_Channel4_IRQHandler
   Definitions
      At line 317 in file mbed-os\\targets\\TARGET_STM\\TARGET_STM32F1\\TARGET_
NUCLEO_F103RB\\device\\TOOLCHAIN_ARM_STD\\startup_stm32f105xc.s
   Uses
      At line 133 in file mbed-os\\targets\\TARGET_STM\\TARGET_STM32F1\\TARGET_
NUCLEO_F103RB\\device\\TOOLCHAIN_ARM_STD\\startup_stm32f105xc.s
      At line 257 in file mbed-os\\targets\\TARGET_STM\\TARGET_STM32F1\\TARGET_
NUCLEO_F103RB\\device\\TOOLCHAIN_ARM_STD\\startup_stm32f105xc.s

DMA2_Channel5_IRQHandler 0000001A

Symbol: DMA2_Channel5_IRQHandler
   Definitions
      At line 318 in file mbed-os\\targets\\TARGET_STM\\TARGET_STM32F1\\TARGET_
NUCLEO_F103RB\\device\\TOOLCHAIN_ARM_STD\\startup_stm32f105xc.s
   Uses
      At line 134 in file mbed-os\\targets\\TARGET_STM\\TARGET_STM32F1\\TARGET_
NUCLEO_F103RB\\device\\TOOLCHAIN_ARM_STD\\startup_stm32f105xc.s
      At line 258 in file mbed-os\\targets\\TARGET_STM\\TARGET_STM32F1\\TARGET_
NUCLEO_F103RB\\device\\TOOLCHAIN_ARM_STD\\startup_stm32f105xc.s

DebugMon_Handler 00000014

Symbol: DebugMon_Handler
   Definitions
      At line 189 in file mbed-os\\targets\\TARGET_STM\\TARGET_STM32F1\\TARGET_
NUCLEO_F103RB\\device\\TOOLCHAIN_ARM_STD\\startup_stm32f105xc.s
   Uses
      At line 68 in file mbed-os\\targets\\TARGET_STM\\TARGET_STM32F1\\TARGET_N
UCLEO_F103RB\\device\\TOOLCHAIN_ARM_STD\\startup_stm32f105xc.s
      At line 191 in file mbed-os\\targets\\TARGET_STM\\TARGET_STM32F1\\TARGET_
NUCLEO_F103RB\\device\\TOOLCHAIN_ARM_STD\\startup_stm32f105xc.s

Default_Handler 0000001A

Symbol: Default_Handler
   Definitions
      At line 203 in file mbed-os\\targets\\TARGET_STM\\TARGET_STM32F1\\TARGET_
NUCLEO_F103RB\\device\\TOOLCHAIN_ARM_STD\\startup_stm32f105xc.s
   Uses
      None
Comment: Default_Handler unused
EXTI0_IRQHandler 0000001A



ARM Macro Assembler    Page 6 Alphabetic symbol ordering
Relocatable symbols


Symbol: EXTI0_IRQHandler
   Definitions
      At line 271 in file mbed-os\\targets\\TARGET_STM\\TARGET_STM32F1\\TARGET_
NUCLEO_F103RB\\device\\TOOLCHAIN_ARM_STD\\startup_stm32f105xc.s
   Uses
      At line 80 in file mbed-os\\targets\\TARGET_STM\\TARGET_STM32F1\\TARGET_N
UCLEO_F103RB\\device\\TOOLCHAIN_ARM_STD\\startup_stm32f105xc.s
      At line 211 in file mbed-os\\targets\\TARGET_STM\\TARGET_STM32F1\\TARGET_
NUCLEO_F103RB\\device\\TOOLCHAIN_ARM_STD\\startup_stm32f105xc.s

EXTI15_10_IRQHandler 0000001A

Symbol: EXTI15_10_IRQHandler
   Definitions
      At line 305 in file mbed-os\\targets\\TARGET_STM\\TARGET_STM32F1\\TARGET_
NUCLEO_F103RB\\device\\TOOLCHAIN_ARM_STD\\startup_stm32f105xc.s
   Uses
      At line 114 in file mbed-os\\targets\\TARGET_STM\\TARGET_STM32F1\\TARGET_
NUCLEO_F103RB\\device\\TOOLCHAIN_ARM_STD\\startup_stm32f105xc.s
      At line 245 in file mbed-os\\targets\\TARGET_STM\\TARGET_STM32F1\\TARGET_
NUCLEO_F103RB\\device\\TOOLCHAIN_ARM_STD\\startup_stm32f105xc.s

EXTI1_IRQHandler 0000001A

Symbol: EXTI1_IRQHandler
   Definitions
      At line 272 in file mbed-os\\targets\\TARGET_STM\\TARGET_STM32F1\\TARGET_
NUCLEO_F103RB\\device\\TOOLCHAIN_ARM_STD\\startup_stm32f105xc.s
   Uses
      At line 81 in file mbed-os\\targets\\TARGET_STM\\TARGET_STM32F1\\TARGET_N
UCLEO_F103RB\\device\\TOOLCHAIN_ARM_STD\\startup_stm32f105xc.s
      At line 212 in file mbed-os\\targets\\TARGET_STM\\TARGET_STM32F1\\TARGET_
NUCLEO_F103RB\\device\\TOOLCHAIN_ARM_STD\\startup_stm32f105xc.s

EXTI2_IRQHandler 0000001A

Symbol: EXTI2_IRQHandler
   Definitions
      At line 273 in file mbed-os\\targets\\TARGET_STM\\TARGET_STM32F1\\TARGET_
NUCLEO_F103RB\\device\\TOOLCHAIN_ARM_STD\\startup_stm32f105xc.s
   Uses
      At line 82 in file mbed-os\\targets\\TARGET_STM\\TARGET_STM32F1\\TARGET_N
UCLEO_F103RB\\device\\TOOLCHAIN_ARM_STD\\startup_stm32f105xc.s
      At line 213 in file mbed-os\\targets\\TARGET_STM\\TARGET_STM32F1\\TARGET_
NUCLEO_F103RB\\device\\TOOLCHAIN_ARM_STD\\startup_stm32f105xc.s

EXTI3_IRQHandler 0000001A

Symbol: EXTI3_IRQHandler
   Definitions
      At line 274 in file mbed-os\\targets\\TARGET_STM\\TARGET_STM32F1\\TARGET_
NUCLEO_F103RB\\device\\TOOLCHAIN_ARM_STD\\startup_stm32f105xc.s
   Uses
      At line 83 in file mbed-os\\targets\\TARGET_STM\\TARGET_STM32F1\\TARGET_N
UCLEO_F103RB\\device\\TOOLCHAIN_ARM_STD\\startup_stm32f105xc.s
      At line 214 in file mbed-os\\targets\\TARGET_STM\\TARGET_STM32F1\\TARGET_
NUCLEO_F103RB\\device\\TOOLCHAIN_ARM_STD\\startup_stm32f105xc.s




ARM Macro Assembler    Page 7 Alphabetic symbol ordering
Relocatable symbols

EXTI4_IRQHandler 0000001A

Symbol: EXTI4_IRQHandler
   Definitions
      At line 275 in file mbed-os\\targets\\TARGET_STM\\TARGET_STM32F1\\TARGET_
NUCLEO_F103RB\\device\\TOOLCHAIN_ARM_STD\\startup_stm32f105xc.s
   Uses
      At line 84 in file mbed-os\\targets\\TARGET_STM\\TARGET_STM32F1\\TARGET_N
UCLEO_F103RB\\device\\TOOLCHAIN_ARM_STD\\startup_stm32f105xc.s
      At line 215 in file mbed-os\\targets\\TARGET_STM\\TARGET_STM32F1\\TARGET_
NUCLEO_F103RB\\device\\TOOLCHAIN_ARM_STD\\startup_stm32f105xc.s

EXTI9_5_IRQHandler 0000001A

Symbol: EXTI9_5_IRQHandler
   Definitions
      At line 288 in file mbed-os\\targets\\TARGET_STM\\TARGET_STM32F1\\TARGET_
NUCLEO_F103RB\\device\\TOOLCHAIN_ARM_STD\\startup_stm32f105xc.s
   Uses
      At line 97 in file mbed-os\\targets\\TARGET_STM\\TARGET_STM32F1\\TARGET_N
UCLEO_F103RB\\device\\TOOLCHAIN_ARM_STD\\startup_stm32f105xc.s
      At line 228 in file mbed-os\\targets\\TARGET_STM\\TARGET_STM32F1\\TARGET_
NUCLEO_F103RB\\device\\TOOLCHAIN_ARM_STD\\startup_stm32f105xc.s

FLASH_IRQHandler 0000001A

Symbol: FLASH_IRQHandler
   Definitions
      At line 269 in file mbed-os\\targets\\TARGET_STM\\TARGET_STM32F1\\TARGET_
NUCLEO_F103RB\\device\\TOOLCHAIN_ARM_STD\\startup_stm32f105xc.s
   Uses
      At line 78 in file mbed-os\\targets\\TARGET_STM\\TARGET_STM32F1\\TARGET_N
UCLEO_F103RB\\device\\TOOLCHAIN_ARM_STD\\startup_stm32f105xc.s
      At line 209 in file mbed-os\\targets\\TARGET_STM\\TARGET_STM32F1\\TARGET_
NUCLEO_F103RB\\device\\TOOLCHAIN_ARM_STD\\startup_stm32f105xc.s

HardFault_Handler 0000000A

Symbol: HardFault_Handler
   Definitions
      At line 165 in file mbed-os\\targets\\TARGET_STM\\TARGET_STM32F1\\TARGET_
NUCLEO_F103RB\\device\\TOOLCHAIN_ARM_STD\\startup_stm32f105xc.s
   Uses
      At line 59 in file mbed-os\\targets\\TARGET_STM\\TARGET_STM32F1\\TARGET_N
UCLEO_F103RB\\device\\TOOLCHAIN_ARM_STD\\startup_stm32f105xc.s
      At line 167 in file mbed-os\\targets\\TARGET_STM\\TARGET_STM32F1\\TARGET_
NUCLEO_F103RB\\device\\TOOLCHAIN_ARM_STD\\startup_stm32f105xc.s

I2C1_ER_IRQHandler 0000001A

Symbol: I2C1_ER_IRQHandler
   Definitions
      At line 297 in file mbed-os\\targets\\TARGET_STM\\TARGET_STM32F1\\TARGET_
NUCLEO_F103RB\\device\\TOOLCHAIN_ARM_STD\\startup_stm32f105xc.s
   Uses
      At line 106 in file mbed-os\\targets\\TARGET_STM\\TARGET_STM32F1\\TARGET_
NUCLEO_F103RB\\device\\TOOLCHAIN_ARM_STD\\startup_stm32f105xc.s
      At line 237 in file mbed-os\\targets\\TARGET_STM\\TARGET_STM32F1\\TARGET_
NUCLEO_F103RB\\device\\TOOLCHAIN_ARM_STD\\startup_stm32f105xc.s



ARM Macro Assembler    Page 8 Alphabetic symbol ordering
Relocatable symbols


I2C1_EV_IRQHandler 0000001A

Symbol: I2C1_EV_IRQHandler
   Definitions
      At line 296 in file mbed-os\\targets\\TARGET_STM\\TARGET_STM32F1\\TARGET_
NUCLEO_F103RB\\device\\TOOLCHAIN_ARM_STD\\startup_stm32f105xc.s
   Uses
      At line 105 in file mbed-os\\targets\\TARGET_STM\\TARGET_STM32F1\\TARGET_
NUCLEO_F103RB\\device\\TOOLCHAIN_ARM_STD\\startup_stm32f105xc.s
      At line 236 in file mbed-os\\targets\\TARGET_STM\\TARGET_STM32F1\\TARGET_
NUCLEO_F103RB\\device\\TOOLCHAIN_ARM_STD\\startup_stm32f105xc.s

I2C2_ER_IRQHandler 0000001A

Symbol: I2C2_ER_IRQHandler
   Definitions
      At line 299 in file mbed-os\\targets\\TARGET_STM\\TARGET_STM32F1\\TARGET_
NUCLEO_F103RB\\device\\TOOLCHAIN_ARM_STD\\startup_stm32f105xc.s
   Uses
      At line 108 in file mbed-os\\targets\\TARGET_STM\\TARGET_STM32F1\\TARGET_
NUCLEO_F103RB\\device\\TOOLCHAIN_ARM_STD\\startup_stm32f105xc.s
      At line 239 in file mbed-os\\targets\\TARGET_STM\\TARGET_STM32F1\\TARGET_
NUCLEO_F103RB\\device\\TOOLCHAIN_ARM_STD\\startup_stm32f105xc.s

I2C2_EV_IRQHandler 0000001A

Symbol: I2C2_EV_IRQHandler
   Definitions
      At line 298 in file mbed-os\\targets\\TARGET_STM\\TARGET_STM32F1\\TARGET_
NUCLEO_F103RB\\device\\TOOLCHAIN_ARM_STD\\startup_stm32f105xc.s
   Uses
      At line 107 in file mbed-os\\targets\\TARGET_STM\\TARGET_STM32F1\\TARGET_
NUCLEO_F103RB\\device\\TOOLCHAIN_ARM_STD\\startup_stm32f105xc.s
      At line 238 in file mbed-os\\targets\\TARGET_STM\\TARGET_STM32F1\\TARGET_
NUCLEO_F103RB\\device\\TOOLCHAIN_ARM_STD\\startup_stm32f105xc.s

MemManage_Handler 0000000C

Symbol: MemManage_Handler
   Definitions
      At line 170 in file mbed-os\\targets\\TARGET_STM\\TARGET_STM32F1\\TARGET_
NUCLEO_F103RB\\device\\TOOLCHAIN_ARM_STD\\startup_stm32f105xc.s
   Uses
      At line 60 in file mbed-os\\targets\\TARGET_STM\\TARGET_STM32F1\\TARGET_N
UCLEO_F103RB\\device\\TOOLCHAIN_ARM_STD\\startup_stm32f105xc.s
      At line 172 in file mbed-os\\targets\\TARGET_STM\\TARGET_STM32F1\\TARGET_
NUCLEO_F103RB\\device\\TOOLCHAIN_ARM_STD\\startup_stm32f105xc.s

NMI_Handler 00000008

Symbol: NMI_Handler
   Definitions
      At line 161 in file mbed-os\\targets\\TARGET_STM\\TARGET_STM32F1\\TARGET_
NUCLEO_F103RB\\device\\TOOLCHAIN_ARM_STD\\startup_stm32f105xc.s
   Uses
      At line 58 in file mbed-os\\targets\\TARGET_STM\\TARGET_STM32F1\\TARGET_N
UCLEO_F103RB\\device\\TOOLCHAIN_ARM_STD\\startup_stm32f105xc.s
      At line 162 in file mbed-os\\targets\\TARGET_STM\\TARGET_STM32F1\\TARGET_



ARM Macro Assembler    Page 9 Alphabetic symbol ordering
Relocatable symbols

NUCLEO_F103RB\\device\\TOOLCHAIN_ARM_STD\\startup_stm32f105xc.s

OTG_FS_IRQHandler 0000001A

Symbol: OTG_FS_IRQHandler
   Definitions
      At line 323 in file mbed-os\\targets\\TARGET_STM\\TARGET_STM32F1\\TARGET_
NUCLEO_F103RB\\device\\TOOLCHAIN_ARM_STD\\startup_stm32f105xc.s
   Uses
      At line 141 in file mbed-os\\targets\\TARGET_STM\\TARGET_STM32F1\\TARGET_
NUCLEO_F103RB\\device\\TOOLCHAIN_ARM_STD\\startup_stm32f105xc.s
      At line 263 in file mbed-os\\targets\\TARGET_STM\\TARGET_STM32F1\\TARGET_
NUCLEO_F103RB\\device\\TOOLCHAIN_ARM_STD\\startup_stm32f105xc.s

OTG_FS_WKUP_IRQHandler 0000001A

Symbol: OTG_FS_WKUP_IRQHandler
   Definitions
      At line 307 in file mbed-os\\targets\\TARGET_STM\\TARGET_STM32F1\\TARGET_
NUCLEO_F103RB\\device\\TOOLCHAIN_ARM_STD\\startup_stm32f105xc.s
   Uses
      At line 116 in file mbed-os\\targets\\TARGET_STM\\TARGET_STM32F1\\TARGET_
NUCLEO_F103RB\\device\\TOOLCHAIN_ARM_STD\\startup_stm32f105xc.s
      At line 247 in file mbed-os\\targets\\TARGET_STM\\TARGET_STM32F1\\TARGET_
NUCLEO_F103RB\\device\\TOOLCHAIN_ARM_STD\\startup_stm32f105xc.s

PVD_IRQHandler 0000001A

Symbol: PVD_IRQHandler
   Definitions
      At line 266 in file mbed-os\\targets\\TARGET_STM\\TARGET_STM32F1\\TARGET_
NUCLEO_F103RB\\device\\TOOLCHAIN_ARM_STD\\startup_stm32f105xc.s
   Uses
      At line 75 in file mbed-os\\targets\\TARGET_STM\\TARGET_STM32F1\\TARGET_N
UCLEO_F103RB\\device\\TOOLCHAIN_ARM_STD\\startup_stm32f105xc.s
      At line 206 in file mbed-os\\targets\\TARGET_STM\\TARGET_STM32F1\\TARGET_
NUCLEO_F103RB\\device\\TOOLCHAIN_ARM_STD\\startup_stm32f105xc.s

PendSV_Handler 00000016

Symbol: PendSV_Handler
   Definitions
      At line 194 in file mbed-os\\targets\\TARGET_STM\\TARGET_STM32F1\\TARGET_
NUCLEO_F103RB\\device\\TOOLCHAIN_ARM_STD\\startup_stm32f105xc.s
   Uses
      At line 70 in file mbed-os\\targets\\TARGET_STM\\TARGET_STM32F1\\TARGET_N
UCLEO_F103RB\\device\\TOOLCHAIN_ARM_STD\\startup_stm32f105xc.s
      At line 195 in file mbed-os\\targets\\TARGET_STM\\TARGET_STM32F1\\TARGET_
NUCLEO_F103RB\\device\\TOOLCHAIN_ARM_STD\\startup_stm32f105xc.s

RCC_IRQHandler 0000001A

Symbol: RCC_IRQHandler
   Definitions
      At line 270 in file mbed-os\\targets\\TARGET_STM\\TARGET_STM32F1\\TARGET_
NUCLEO_F103RB\\device\\TOOLCHAIN_ARM_STD\\startup_stm32f105xc.s
   Uses
      At line 79 in file mbed-os\\targets\\TARGET_STM\\TARGET_STM32F1\\TARGET_N
UCLEO_F103RB\\device\\TOOLCHAIN_ARM_STD\\startup_stm32f105xc.s



ARM Macro Assembler    Page 10 Alphabetic symbol ordering
Relocatable symbols

      At line 210 in file mbed-os\\targets\\TARGET_STM\\TARGET_STM32F1\\TARGET_
NUCLEO_F103RB\\device\\TOOLCHAIN_ARM_STD\\startup_stm32f105xc.s

RTC_Alarm_IRQHandler 0000001A

Symbol: RTC_Alarm_IRQHandler
   Definitions
      At line 306 in file mbed-os\\targets\\TARGET_STM\\TARGET_STM32F1\\TARGET_
NUCLEO_F103RB\\device\\TOOLCHAIN_ARM_STD\\startup_stm32f105xc.s
   Uses
      At line 115 in file mbed-os\\targets\\TARGET_STM\\TARGET_STM32F1\\TARGET_
NUCLEO_F103RB\\device\\TOOLCHAIN_ARM_STD\\startup_stm32f105xc.s
      At line 246 in file mbed-os\\targets\\TARGET_STM\\TARGET_STM32F1\\TARGET_
NUCLEO_F103RB\\device\\TOOLCHAIN_ARM_STD\\startup_stm32f105xc.s

RTC_IRQHandler 0000001A

Symbol: RTC_IRQHandler
   Definitions
      At line 268 in file mbed-os\\targets\\TARGET_STM\\TARGET_STM32F1\\TARGET_
NUCLEO_F103RB\\device\\TOOLCHAIN_ARM_STD\\startup_stm32f105xc.s
   Uses
      At line 77 in file mbed-os\\targets\\TARGET_STM\\TARGET_STM32F1\\TARGET_N
UCLEO_F103RB\\device\\TOOLCHAIN_ARM_STD\\startup_stm32f105xc.s
      At line 208 in file mbed-os\\targets\\TARGET_STM\\TARGET_STM32F1\\TARGET_
NUCLEO_F103RB\\device\\TOOLCHAIN_ARM_STD\\startup_stm32f105xc.s

Reset_Handler 00000000

Symbol: Reset_Handler
   Definitions
      At line 149 in file mbed-os\\targets\\TARGET_STM\\TARGET_STM32F1\\TARGET_
NUCLEO_F103RB\\device\\TOOLCHAIN_ARM_STD\\startup_stm32f105xc.s
   Uses
      At line 57 in file mbed-os\\targets\\TARGET_STM\\TARGET_STM32F1\\TARGET_N
UCLEO_F103RB\\device\\TOOLCHAIN_ARM_STD\\startup_stm32f105xc.s
      At line 150 in file mbed-os\\targets\\TARGET_STM\\TARGET_STM32F1\\TARGET_
NUCLEO_F103RB\\device\\TOOLCHAIN_ARM_STD\\startup_stm32f105xc.s

SPI1_IRQHandler 0000001A

Symbol: SPI1_IRQHandler
   Definitions
      At line 300 in file mbed-os\\targets\\TARGET_STM\\TARGET_STM32F1\\TARGET_
NUCLEO_F103RB\\device\\TOOLCHAIN_ARM_STD\\startup_stm32f105xc.s
   Uses
      At line 109 in file mbed-os\\targets\\TARGET_STM\\TARGET_STM32F1\\TARGET_
NUCLEO_F103RB\\device\\TOOLCHAIN_ARM_STD\\startup_stm32f105xc.s
      At line 240 in file mbed-os\\targets\\TARGET_STM\\TARGET_STM32F1\\TARGET_
NUCLEO_F103RB\\device\\TOOLCHAIN_ARM_STD\\startup_stm32f105xc.s

SPI2_IRQHandler 0000001A

Symbol: SPI2_IRQHandler
   Definitions
      At line 301 in file mbed-os\\targets\\TARGET_STM\\TARGET_STM32F1\\TARGET_
NUCLEO_F103RB\\device\\TOOLCHAIN_ARM_STD\\startup_stm32f105xc.s
   Uses
      At line 110 in file mbed-os\\targets\\TARGET_STM\\TARGET_STM32F1\\TARGET_



ARM Macro Assembler    Page 11 Alphabetic symbol ordering
Relocatable symbols

NUCLEO_F103RB\\device\\TOOLCHAIN_ARM_STD\\startup_stm32f105xc.s
      At line 241 in file mbed-os\\targets\\TARGET_STM\\TARGET_STM32F1\\TARGET_
NUCLEO_F103RB\\device\\TOOLCHAIN_ARM_STD\\startup_stm32f105xc.s

SPI3_IRQHandler 0000001A

Symbol: SPI3_IRQHandler
   Definitions
      At line 309 in file mbed-os\\targets\\TARGET_STM\\TARGET_STM32F1\\TARGET_
NUCLEO_F103RB\\device\\TOOLCHAIN_ARM_STD\\startup_stm32f105xc.s
   Uses
      At line 125 in file mbed-os\\targets\\TARGET_STM\\TARGET_STM32F1\\TARGET_
NUCLEO_F103RB\\device\\TOOLCHAIN_ARM_STD\\startup_stm32f105xc.s
      At line 249 in file mbed-os\\targets\\TARGET_STM\\TARGET_STM32F1\\TARGET_
NUCLEO_F103RB\\device\\TOOLCHAIN_ARM_STD\\startup_stm32f105xc.s

SVC_Handler 00000012

Symbol: SVC_Handler
   Definitions
      At line 185 in file mbed-os\\targets\\TARGET_STM\\TARGET_STM32F1\\TARGET_
NUCLEO_F103RB\\device\\TOOLCHAIN_ARM_STD\\startup_stm32f105xc.s
   Uses
      At line 67 in file mbed-os\\targets\\TARGET_STM\\TARGET_STM32F1\\TARGET_N
UCLEO_F103RB\\device\\TOOLCHAIN_ARM_STD\\startup_stm32f105xc.s
      At line 186 in file mbed-os\\targets\\TARGET_STM\\TARGET_STM32F1\\TARGET_
NUCLEO_F103RB\\device\\TOOLCHAIN_ARM_STD\\startup_stm32f105xc.s

SysTick_Handler 00000018

Symbol: SysTick_Handler
   Definitions
      At line 198 in file mbed-os\\targets\\TARGET_STM\\TARGET_STM32F1\\TARGET_
NUCLEO_F103RB\\device\\TOOLCHAIN_ARM_STD\\startup_stm32f105xc.s
   Uses
      At line 71 in file mbed-os\\targets\\TARGET_STM\\TARGET_STM32F1\\TARGET_N
UCLEO_F103RB\\device\\TOOLCHAIN_ARM_STD\\startup_stm32f105xc.s
      At line 199 in file mbed-os\\targets\\TARGET_STM\\TARGET_STM32F1\\TARGET_
NUCLEO_F103RB\\device\\TOOLCHAIN_ARM_STD\\startup_stm32f105xc.s

TAMPER_IRQHandler 0000001A

Symbol: TAMPER_IRQHandler
   Definitions
      At line 267 in file mbed-os\\targets\\TARGET_STM\\TARGET_STM32F1\\TARGET_
NUCLEO_F103RB\\device\\TOOLCHAIN_ARM_STD\\startup_stm32f105xc.s
   Uses
      At line 76 in file mbed-os\\targets\\TARGET_STM\\TARGET_STM32F1\\TARGET_N
UCLEO_F103RB\\device\\TOOLCHAIN_ARM_STD\\startup_stm32f105xc.s
      At line 207 in file mbed-os\\targets\\TARGET_STM\\TARGET_STM32F1\\TARGET_
NUCLEO_F103RB\\device\\TOOLCHAIN_ARM_STD\\startup_stm32f105xc.s

TIM1_BRK_IRQHandler 0000001A

Symbol: TIM1_BRK_IRQHandler
   Definitions
      At line 289 in file mbed-os\\targets\\TARGET_STM\\TARGET_STM32F1\\TARGET_
NUCLEO_F103RB\\device\\TOOLCHAIN_ARM_STD\\startup_stm32f105xc.s
   Uses



ARM Macro Assembler    Page 12 Alphabetic symbol ordering
Relocatable symbols

      At line 98 in file mbed-os\\targets\\TARGET_STM\\TARGET_STM32F1\\TARGET_N
UCLEO_F103RB\\device\\TOOLCHAIN_ARM_STD\\startup_stm32f105xc.s
      At line 229 in file mbed-os\\targets\\TARGET_STM\\TARGET_STM32F1\\TARGET_
NUCLEO_F103RB\\device\\TOOLCHAIN_ARM_STD\\startup_stm32f105xc.s

TIM1_CC_IRQHandler 0000001A

Symbol: TIM1_CC_IRQHandler
   Definitions
      At line 292 in file mbed-os\\targets\\TARGET_STM\\TARGET_STM32F1\\TARGET_
NUCLEO_F103RB\\device\\TOOLCHAIN_ARM_STD\\startup_stm32f105xc.s
   Uses
      At line 101 in file mbed-os\\targets\\TARGET_STM\\TARGET_STM32F1\\TARGET_
NUCLEO_F103RB\\device\\TOOLCHAIN_ARM_STD\\startup_stm32f105xc.s
      At line 232 in file mbed-os\\targets\\TARGET_STM\\TARGET_STM32F1\\TARGET_
NUCLEO_F103RB\\device\\TOOLCHAIN_ARM_STD\\startup_stm32f105xc.s

TIM1_TRG_COM_IRQHandler 0000001A

Symbol: TIM1_TRG_COM_IRQHandler
   Definitions
      At line 291 in file mbed-os\\targets\\TARGET_STM\\TARGET_STM32F1\\TARGET_
NUCLEO_F103RB\\device\\TOOLCHAIN_ARM_STD\\startup_stm32f105xc.s
   Uses
      At line 100 in file mbed-os\\targets\\TARGET_STM\\TARGET_STM32F1\\TARGET_
NUCLEO_F103RB\\device\\TOOLCHAIN_ARM_STD\\startup_stm32f105xc.s
      At line 231 in file mbed-os\\targets\\TARGET_STM\\TARGET_STM32F1\\TARGET_
NUCLEO_F103RB\\device\\TOOLCHAIN_ARM_STD\\startup_stm32f105xc.s

TIM1_UP_IRQHandler 0000001A

Symbol: TIM1_UP_IRQHandler
   Definitions
      At line 290 in file mbed-os\\targets\\TARGET_STM\\TARGET_STM32F1\\TARGET_
NUCLEO_F103RB\\device\\TOOLCHAIN_ARM_STD\\startup_stm32f105xc.s
   Uses
      At line 99 in file mbed-os\\targets\\TARGET_STM\\TARGET_STM32F1\\TARGET_N
UCLEO_F103RB\\device\\TOOLCHAIN_ARM_STD\\startup_stm32f105xc.s
      At line 230 in file mbed-os\\targets\\TARGET_STM\\TARGET_STM32F1\\TARGET_
NUCLEO_F103RB\\device\\TOOLCHAIN_ARM_STD\\startup_stm32f105xc.s

TIM2_IRQHandler 0000001A

Symbol: TIM2_IRQHandler
   Definitions
      At line 293 in file mbed-os\\targets\\TARGET_STM\\TARGET_STM32F1\\TARGET_
NUCLEO_F103RB\\device\\TOOLCHAIN_ARM_STD\\startup_stm32f105xc.s
   Uses
      At line 102 in file mbed-os\\targets\\TARGET_STM\\TARGET_STM32F1\\TARGET_
NUCLEO_F103RB\\device\\TOOLCHAIN_ARM_STD\\startup_stm32f105xc.s
      At line 233 in file mbed-os\\targets\\TARGET_STM\\TARGET_STM32F1\\TARGET_
NUCLEO_F103RB\\device\\TOOLCHAIN_ARM_STD\\startup_stm32f105xc.s

TIM3_IRQHandler 0000001A

Symbol: TIM3_IRQHandler
   Definitions
      At line 294 in file mbed-os\\targets\\TARGET_STM\\TARGET_STM32F1\\TARGET_
NUCLEO_F103RB\\device\\TOOLCHAIN_ARM_STD\\startup_stm32f105xc.s



ARM Macro Assembler    Page 13 Alphabetic symbol ordering
Relocatable symbols

   Uses
      At line 103 in file mbed-os\\targets\\TARGET_STM\\TARGET_STM32F1\\TARGET_
NUCLEO_F103RB\\device\\TOOLCHAIN_ARM_STD\\startup_stm32f105xc.s
      At line 234 in file mbed-os\\targets\\TARGET_STM\\TARGET_STM32F1\\TARGET_
NUCLEO_F103RB\\device\\TOOLCHAIN_ARM_STD\\startup_stm32f105xc.s

TIM4_IRQHandler 0000001A

Symbol: TIM4_IRQHandler
   Definitions
      At line 295 in file mbed-os\\targets\\TARGET_STM\\TARGET_STM32F1\\TARGET_
NUCLEO_F103RB\\device\\TOOLCHAIN_ARM_STD\\startup_stm32f105xc.s
   Uses
      At line 104 in file mbed-os\\targets\\TARGET_STM\\TARGET_STM32F1\\TARGET_
NUCLEO_F103RB\\device\\TOOLCHAIN_ARM_STD\\startup_stm32f105xc.s
      At line 235 in file mbed-os\\targets\\TARGET_STM\\TARGET_STM32F1\\TARGET_
NUCLEO_F103RB\\device\\TOOLCHAIN_ARM_STD\\startup_stm32f105xc.s

TIM5_IRQHandler 0000001A

Symbol: TIM5_IRQHandler
   Definitions
      At line 308 in file mbed-os\\targets\\TARGET_STM\\TARGET_STM32F1\\TARGET_
NUCLEO_F103RB\\device\\TOOLCHAIN_ARM_STD\\startup_stm32f105xc.s
   Uses
      At line 124 in file mbed-os\\targets\\TARGET_STM\\TARGET_STM32F1\\TARGET_
NUCLEO_F103RB\\device\\TOOLCHAIN_ARM_STD\\startup_stm32f105xc.s
      At line 248 in file mbed-os\\targets\\TARGET_STM\\TARGET_STM32F1\\TARGET_
NUCLEO_F103RB\\device\\TOOLCHAIN_ARM_STD\\startup_stm32f105xc.s

TIM6_IRQHandler 0000001A

Symbol: TIM6_IRQHandler
   Definitions
      At line 312 in file mbed-os\\targets\\TARGET_STM\\TARGET_STM32F1\\TARGET_
NUCLEO_F103RB\\device\\TOOLCHAIN_ARM_STD\\startup_stm32f105xc.s
   Uses
      At line 128 in file mbed-os\\targets\\TARGET_STM\\TARGET_STM32F1\\TARGET_
NUCLEO_F103RB\\device\\TOOLCHAIN_ARM_STD\\startup_stm32f105xc.s
      At line 252 in file mbed-os\\targets\\TARGET_STM\\TARGET_STM32F1\\TARGET_
NUCLEO_F103RB\\device\\TOOLCHAIN_ARM_STD\\startup_stm32f105xc.s

TIM7_IRQHandler 0000001A

Symbol: TIM7_IRQHandler
   Definitions
      At line 313 in file mbed-os\\targets\\TARGET_STM\\TARGET_STM32F1\\TARGET_
NUCLEO_F103RB\\device\\TOOLCHAIN_ARM_STD\\startup_stm32f105xc.s
   Uses
      At line 129 in file mbed-os\\targets\\TARGET_STM\\TARGET_STM32F1\\TARGET_
NUCLEO_F103RB\\device\\TOOLCHAIN_ARM_STD\\startup_stm32f105xc.s
      At line 253 in file mbed-os\\targets\\TARGET_STM\\TARGET_STM32F1\\TARGET_
NUCLEO_F103RB\\device\\TOOLCHAIN_ARM_STD\\startup_stm32f105xc.s

UART4_IRQHandler 0000001A

Symbol: UART4_IRQHandler
   Definitions
      At line 310 in file mbed-os\\targets\\TARGET_STM\\TARGET_STM32F1\\TARGET_



ARM Macro Assembler    Page 14 Alphabetic symbol ordering
Relocatable symbols

NUCLEO_F103RB\\device\\TOOLCHAIN_ARM_STD\\startup_stm32f105xc.s
   Uses
      At line 126 in file mbed-os\\targets\\TARGET_STM\\TARGET_STM32F1\\TARGET_
NUCLEO_F103RB\\device\\TOOLCHAIN_ARM_STD\\startup_stm32f105xc.s
      At line 250 in file mbed-os\\targets\\TARGET_STM\\TARGET_STM32F1\\TARGET_
NUCLEO_F103RB\\device\\TOOLCHAIN_ARM_STD\\startup_stm32f105xc.s

UART5_IRQHandler 0000001A

Symbol: UART5_IRQHandler
   Definitions
      At line 311 in file mbed-os\\targets\\TARGET_STM\\TARGET_STM32F1\\TARGET_
NUCLEO_F103RB\\device\\TOOLCHAIN_ARM_STD\\startup_stm32f105xc.s
   Uses
      At line 127 in file mbed-os\\targets\\TARGET_STM\\TARGET_STM32F1\\TARGET_
NUCLEO_F103RB\\device\\TOOLCHAIN_ARM_STD\\startup_stm32f105xc.s
      At line 251 in file mbed-os\\targets\\TARGET_STM\\TARGET_STM32F1\\TARGET_
NUCLEO_F103RB\\device\\TOOLCHAIN_ARM_STD\\startup_stm32f105xc.s

USART1_IRQHandler 0000001A

Symbol: USART1_IRQHandler
   Definitions
      At line 302 in file mbed-os\\targets\\TARGET_STM\\TARGET_STM32F1\\TARGET_
NUCLEO_F103RB\\device\\TOOLCHAIN_ARM_STD\\startup_stm32f105xc.s
   Uses
      At line 111 in file mbed-os\\targets\\TARGET_STM\\TARGET_STM32F1\\TARGET_
NUCLEO_F103RB\\device\\TOOLCHAIN_ARM_STD\\startup_stm32f105xc.s
      At line 242 in file mbed-os\\targets\\TARGET_STM\\TARGET_STM32F1\\TARGET_
NUCLEO_F103RB\\device\\TOOLCHAIN_ARM_STD\\startup_stm32f105xc.s

USART2_IRQHandler 0000001A

Symbol: USART2_IRQHandler
   Definitions
      At line 303 in file mbed-os\\targets\\TARGET_STM\\TARGET_STM32F1\\TARGET_
NUCLEO_F103RB\\device\\TOOLCHAIN_ARM_STD\\startup_stm32f105xc.s
   Uses
      At line 112 in file mbed-os\\targets\\TARGET_STM\\TARGET_STM32F1\\TARGET_
NUCLEO_F103RB\\device\\TOOLCHAIN_ARM_STD\\startup_stm32f105xc.s
      At line 243 in file mbed-os\\targets\\TARGET_STM\\TARGET_STM32F1\\TARGET_
NUCLEO_F103RB\\device\\TOOLCHAIN_ARM_STD\\startup_stm32f105xc.s

USART3_IRQHandler 0000001A

Symbol: USART3_IRQHandler
   Definitions
      At line 304 in file mbed-os\\targets\\TARGET_STM\\TARGET_STM32F1\\TARGET_
NUCLEO_F103RB\\device\\TOOLCHAIN_ARM_STD\\startup_stm32f105xc.s
   Uses
      At line 113 in file mbed-os\\targets\\TARGET_STM\\TARGET_STM32F1\\TARGET_
NUCLEO_F103RB\\device\\TOOLCHAIN_ARM_STD\\startup_stm32f105xc.s
      At line 244 in file mbed-os\\targets\\TARGET_STM\\TARGET_STM32F1\\TARGET_
NUCLEO_F103RB\\device\\TOOLCHAIN_ARM_STD\\startup_stm32f105xc.s

UsageFault_Handler 00000010

Symbol: UsageFault_Handler
   Definitions



ARM Macro Assembler    Page 15 Alphabetic symbol ordering
Relocatable symbols

      At line 180 in file mbed-os\\targets\\TARGET_STM\\TARGET_STM32F1\\TARGET_
NUCLEO_F103RB\\device\\TOOLCHAIN_ARM_STD\\startup_stm32f105xc.s
   Uses
      At line 62 in file mbed-os\\targets\\TARGET_STM\\TARGET_STM32F1\\TARGET_N
UCLEO_F103RB\\device\\TOOLCHAIN_ARM_STD\\startup_stm32f105xc.s
      At line 182 in file mbed-os\\targets\\TARGET_STM\\TARGET_STM32F1\\TARGET_
NUCLEO_F103RB\\device\\TOOLCHAIN_ARM_STD\\startup_stm32f105xc.s

WWDG_IRQHandler 0000001A

Symbol: WWDG_IRQHandler
   Definitions
      At line 265 in file mbed-os\\targets\\TARGET_STM\\TARGET_STM32F1\\TARGET_
NUCLEO_F103RB\\device\\TOOLCHAIN_ARM_STD\\startup_stm32f105xc.s
   Uses
      At line 74 in file mbed-os\\targets\\TARGET_STM\\TARGET_STM32F1\\TARGET_N
UCLEO_F103RB\\device\\TOOLCHAIN_ARM_STD\\startup_stm32f105xc.s
      At line 205 in file mbed-os\\targets\\TARGET_STM\\TARGET_STM32F1\\TARGET_
NUCLEO_F103RB\\device\\TOOLCHAIN_ARM_STD\\startup_stm32f105xc.s

71 symbols



ARM Macro Assembler    Page 1 Alphabetic symbol ordering
Absolute symbols

__Vectors_Size 00000150

Symbol: __Vectors_Size
   Definitions
      At line 144 in file mbed-os\\targets\\TARGET_STM\\TARGET_STM32F1\\TARGET_
NUCLEO_F103RB\\device\\TOOLCHAIN_ARM_STD\\startup_stm32f105xc.s
   Uses
      At line 54 in file mbed-os\\targets\\TARGET_STM\\TARGET_STM32F1\\TARGET_N
UCLEO_F103RB\\device\\TOOLCHAIN_ARM_STD\\startup_stm32f105xc.s
Comment: __Vectors_Size used once
__initial_sp 20010000

Symbol: __initial_sp
   Definitions
      At line 44 in file mbed-os\\targets\\TARGET_STM\\TARGET_STM32F1\\TARGET_N
UCLEO_F103RB\\device\\TOOLCHAIN_ARM_STD\\startup_stm32f105xc.s
   Uses
      At line 56 in file mbed-os\\targets\\TARGET_STM\\TARGET_STM32F1\\TARGET_N
UCLEO_F103RB\\device\\TOOLCHAIN_ARM_STD\\startup_stm32f105xc.s
Comment: __initial_sp used once
2 symbols



ARM Macro Assembler    Page 1 Alphabetic symbol ordering
External symbols

SystemInit 00000000

Symbol: SystemInit
   Definitions
      At line 152 in file mbed-os\\targets\\TARGET_STM\\TARGET_STM32F1\\TARGET_
NUCLEO_F103RB\\device\\TOOLCHAIN_ARM_STD\\startup_stm32f105xc.s
   Uses
      At line 153 in file mbed-os\\targets\\TARGET_STM\\TARGET_STM32F1\\TARGET_
NUCLEO_F103RB\\device\\TOOLCHAIN_ARM_STD\\startup_stm32f105xc.s
Comment: SystemInit used once
__main 00000000

Symbol: __main
   Definitions
      At line 151 in file mbed-os\\targets\\TARGET_STM\\TARGET_STM32F1\\TARGET_
NUCLEO_F103RB\\device\\TOOLCHAIN_ARM_STD\\startup_stm32f105xc.s
   Uses
      At line 155 in file mbed-os\\targets\\TARGET_STM\\TARGET_STM32F1\\TARGET_
NUCLEO_F103RB\\device\\TOOLCHAIN_ARM_STD\\startup_stm32f105xc.s
Comment: __main used once
2 symbols
412 symbols in table
