


ARM Macro Assembler    Page 1 


    1 00000000         #line   1                "mbed-os/targets/TARGET_STM/TAR
GET_STM32F1/TARGET_NUCLEO_F103RB/device/TOOLCHAIN_ARM_STD/startup_stm32f103xb.S
"
    1 00000000         ;******************** (C) COPYRIGHT 2016 STMicroelectron
                       ics ********************
    2 00000000         ;* File Name          : startup_stm32f103xb.s
    3 00000000         ;* Author             : MCD Application Team
    4 00000000         ;* Version            : V4.1.0
    5 00000000         ;* Date               : 29-April-2016
    6 00000000         ;* Description        : STM32F103xB Devices vector table
                        for MDK-ARM_STD toolchain. 
    7 00000000         ;*                      This module performs:
    8 00000000         ;*                      - Set the initial SP
    9 00000000         ;*                      - Set the initial PC == Reset_Ha
                       ndler
   10 00000000         ;*                      - Set the vector table entries w
                       ith the exceptions ISR address
   11 00000000         ;*                      - Configure the clock system
   12 00000000         ;*                      - Branches to __main in the C li
                       brary (which eventually
   13 00000000         ;*                        calls main()).
   14 00000000         ;*                      After Reset the Cortex-M3 proces
                       sor is in Thread mode,
   15 00000000         ;*                      priority is Privileged, and the 
                       Stack is set to Main.
   16 00000000         ;*******************************************************
                       *************************
   17 00000000         ;*
   18 00000000         ;* COPYRIGHT(c) 2016 STMicroelectronics
   19 00000000         ;*
   20 00000000         ;* Redistribution and use in source and binary forms, wi
                       th or without modification,
   21 00000000         ;* are permitted provided that the following conditions 
                       are met:
   22 00000000         ;*   1. Redistributions of source code must retain the a
                       bove copyright notice,
   23 00000000         ;*      this list of conditions and the following discla
                       imer.
   24 00000000         ;*   2. Redistributions in binary form must reproduce th
                       e above copyright notice,
   25 00000000         ;*      this list of conditions and the following discla
                       imer in the documentation
   26 00000000         ;*      and/or other materials provided with the distrib
                       ution.
   27 00000000         ;*   3. Neither the name of STMicroelectronics nor the n
                       ames of its contributors
   28 00000000         ;*      may be used to endorse or promote products deriv
                       ed from this software
   29 00000000         ;*      without specific prior written permission.
   30 00000000         ;*
   31 00000000         ;* THIS SOFTWARE IS PROVIDED BY THE COPYRIGHT HOLDERS AN
                       D CONTRIBUTORS "AS IS"
   32 00000000         ;* AND ANY EXPRESS OR IMPLIED WARRANTIES, INCLUDING, BUT
                        NOT LIMITED TO, THE
   33 00000000         ;* IMPLIED WARRANTIES OF MERCHANTABILITY AND FITNESS FOR
                        A PARTICULAR PURPOSE ARE
   34 00000000         ;* DISCLAIMED. IN NO EVENT SHALL THE COPYRIGHT HOLDER OR
                        CONTRIBUTORS BE LIABLE
   35 00000000         ;* FOR ANY DIRECT, INDIRECT, INCIDENTAL, SPECIAL, EXEMPL



ARM Macro Assembler    Page 2 


                       ARY, OR CONSEQUENTIAL
   36 00000000         ;* DAMAGES (INCLUDING, BUT NOT LIMITED TO, PROCUREMENT O
                       F SUBSTITUTE GOODS OR
   37 00000000         ;* SERVICES; LOSS OF USE, DATA, OR PROFITS; OR BUSINESS 
                       INTERRUPTION) HOWEVER
   38 00000000         ;* CAUSED AND ON ANY THEORY OF LIABILITY, WHETHER IN CON
                       TRACT, STRICT LIABILITY,
   39 00000000         ;* OR TORT (INCLUDING NEGLIGENCE OR OTHERWISE) ARISING I
                       N ANY WAY OUT OF THE USE
   40 00000000         ;* OF THIS SOFTWARE, EVEN IF ADVISED OF THE POSSIBILITY 
                       OF SUCH DAMAGE.
   41 00000000         ; 
   42 00000000         ;*******************************************************
                       ************************
   43 00000000         
   44 00000000 20005000 
                       __initial_sp
                               EQU              0x20005000  ; Top of RAM
   45 00000000         
   46 00000000                 PRESERVE8
   47 00000000                 THUMB
   48 00000000         
   49 00000000         
   50 00000000         ; Vector Table Mapped to Address 0 at Reset
   51 00000000                 AREA             RESET, DATA, READONLY
   52 00000000                 EXPORT           __Vectors
   53 00000000                 EXPORT           __Vectors_End
   54 00000000                 EXPORT           __Vectors_Size
   55 00000000         
   56 00000000 20005000 
                       __Vectors
                               DCD              __initial_sp ; Top of Stack
   57 00000004 00000000        DCD              Reset_Handler ; Reset Handler
   58 00000008 00000000        DCD              NMI_Handler ; NMI Handler
   59 0000000C 00000000        DCD              HardFault_Handler ; Hard Fault 
                                                            Handler
   60 00000010 00000000        DCD              MemManage_Handler 
                                                            ; MPU Fault Handler
                                                            
   61 00000014 00000000        DCD              BusFault_Handler 
                                                            ; Bus Fault Handler
                                                            
   62 00000018 00000000        DCD              UsageFault_Handler ; Usage Faul
                                                            t Handler
   63 0000001C 00000000        DCD              0           ; Reserved
   64 00000020 00000000        DCD              0           ; Reserved
   65 00000024 00000000        DCD              0           ; Reserved
   66 00000028 00000000        DCD              0           ; Reserved
   67 0000002C 00000000        DCD              SVC_Handler ; SVCall Handler
   68 00000030 00000000        DCD              DebugMon_Handler ; Debug Monito
                                                            r Handler
   69 00000034 00000000        DCD              0           ; Reserved
   70 00000038 00000000        DCD              PendSV_Handler ; PendSV Handler
                                                            
   71 0000003C 00000000        DCD              SysTick_Handler 
                                                            ; SysTick Handler
   72 00000040         
   73 00000040         ; External Interrupts
   74 00000040 00000000        DCD              WWDG_IRQHandler 



ARM Macro Assembler    Page 3 


                                                            ; Window Watchdog
   75 00000044 00000000        DCD              PVD_IRQHandler ; PVD through EX
                                                            TI Line detect
   76 00000048 00000000        DCD              TAMPER_IRQHandler ; Tamper
   77 0000004C 00000000        DCD              RTC_IRQHandler ; RTC
   78 00000050 00000000        DCD              FLASH_IRQHandler ; Flash
   79 00000054 00000000        DCD              RCC_IRQHandler ; RCC
   80 00000058 00000000        DCD              EXTI0_IRQHandler ; EXTI Line 0
   81 0000005C 00000000        DCD              EXTI1_IRQHandler ; EXTI Line 1
   82 00000060 00000000        DCD              EXTI2_IRQHandler ; EXTI Line 2
   83 00000064 00000000        DCD              EXTI3_IRQHandler ; EXTI Line 3
   84 00000068 00000000        DCD              EXTI4_IRQHandler ; EXTI Line 4
   85 0000006C 00000000        DCD              DMA1_Channel1_IRQHandler 
                                                            ; DMA1 Channel 1
   86 00000070 00000000        DCD              DMA1_Channel2_IRQHandler 
                                                            ; DMA1 Channel 2
   87 00000074 00000000        DCD              DMA1_Channel3_IRQHandler 
                                                            ; DMA1 Channel 3
   88 00000078 00000000        DCD              DMA1_Channel4_IRQHandler 
                                                            ; DMA1 Channel 4
   89 0000007C 00000000        DCD              DMA1_Channel5_IRQHandler 
                                                            ; DMA1 Channel 5
   90 00000080 00000000        DCD              DMA1_Channel6_IRQHandler 
                                                            ; DMA1 Channel 6
   91 00000084 00000000        DCD              DMA1_Channel7_IRQHandler 
                                                            ; DMA1 Channel 7
   92 00000088 00000000        DCD              ADC1_2_IRQHandler ; ADC1_2
   93 0000008C 00000000        DCD              USB_HP_CAN1_TX_IRQHandler ; USB
                                                             High Priority or C
                                                            AN1 TX
   94 00000090 00000000        DCD              USB_LP_CAN1_RX0_IRQHandler ; US
                                                            B Low  Priority or 
                                                            CAN1 RX0
   95 00000094 00000000        DCD              CAN1_RX1_IRQHandler ; CAN1 RX1
   96 00000098 00000000        DCD              CAN1_SCE_IRQHandler ; CAN1 SCE
   97 0000009C 00000000        DCD              EXTI9_5_IRQHandler 
                                                            ; EXTI Line 9..5
   98 000000A0 00000000        DCD              TIM1_BRK_IRQHandler 
                                                            ; TIM1 Break
   99 000000A4 00000000        DCD              TIM1_UP_IRQHandler 
                                                            ; TIM1 Update
  100 000000A8 00000000        DCD              TIM1_TRG_COM_IRQHandler ; TIM1 
                                                            Trigger and Commuta
                                                            tion
  101 000000AC 00000000        DCD              TIM1_CC_IRQHandler ; TIM1 Captu
                                                            re Compare
  102 000000B0 00000000        DCD              TIM2_IRQHandler ; TIM2
  103 000000B4 00000000        DCD              TIM3_IRQHandler ; TIM3
  104 000000B8 00000000        DCD              TIM4_IRQHandler ; TIM4
  105 000000BC 00000000        DCD              I2C1_EV_IRQHandler ; I2C1 Event
                                                            
  106 000000C0 00000000        DCD              I2C1_ER_IRQHandler ; I2C1 Error
                                                            
  107 000000C4 00000000        DCD              I2C2_EV_IRQHandler ; I2C2 Event
                                                            
  108 000000C8 00000000        DCD              I2C2_ER_IRQHandler ; I2C2 Error
                                                            
  109 000000CC 00000000        DCD              SPI1_IRQHandler ; SPI1
  110 000000D0 00000000        DCD              SPI2_IRQHandler ; SPI2



ARM Macro Assembler    Page 4 


  111 000000D4 00000000        DCD              USART1_IRQHandler ; USART1
  112 000000D8 00000000        DCD              USART2_IRQHandler ; USART2
  113 000000DC 00000000        DCD              USART3_IRQHandler ; USART3
  114 000000E0 00000000        DCD              EXTI15_10_IRQHandler 
                                                            ; EXTI Line 15..10
  115 000000E4 00000000        DCD              RTC_Alarm_IRQHandler ; RTC Alar
                                                            m through EXTI Line
                                                            
  116 000000E8 00000000        DCD              USBWakeUp_IRQHandler ; USB Wake
                                                            up from suspend
  117 000000EC         __Vectors_End
  118 000000EC         
  119 000000EC 000000EC 
                       __Vectors_Size
                               EQU              __Vectors_End - __Vectors
  120 000000EC         
  121 000000EC                 AREA             |.text|, CODE, READONLY
  122 00000000         
  123 00000000         ; Reset handler
  124 00000000         Reset_Handler
                               PROC
  125 00000000                 EXPORT           Reset_Handler             [WEAK
]
  126 00000000                 IMPORT           __main
  127 00000000                 IMPORT           SystemInit
  128 00000000 4806            LDR              R0, =SystemInit
  129 00000002 4780            BLX              R0
  130 00000004 4806            LDR              R0, =__main
  131 00000006 4700            BX               R0
  132 00000008                 ENDP
  133 00000008         
  134 00000008         ; Dummy Exception Handlers (infinite loops which can be 
                       modified)
  135 00000008         
  136 00000008         NMI_Handler
                               PROC
  137 00000008                 EXPORT           NMI_Handler                [WEA
K]
  138 00000008 E7FE            B                .
  139 0000000A                 ENDP
  140 0000000A         HardFault_Handler
                               PROC
  141 0000000A         
  142 0000000A                 EXPORT           HardFault_Handler          [WEA
K]
  143 0000000A E7FE            B                .
  144 0000000C                 ENDP
  145 0000000C         MemManage_Handler
                               PROC
  146 0000000C         
  147 0000000C                 EXPORT           MemManage_Handler          [WEA
K]
  148 0000000C E7FE            B                .
  149 0000000E                 ENDP
  150 0000000E         BusFault_Handler
                               PROC
  151 0000000E         
  152 0000000E                 EXPORT           BusFault_Handler           [WEA
K]



ARM Macro Assembler    Page 5 


  153 0000000E E7FE            B                .
  154 00000010                 ENDP
  155 00000010         UsageFault_Handler
                               PROC
  156 00000010         
  157 00000010                 EXPORT           UsageFault_Handler         [WEA
K]
  158 00000010 E7FE            B                .
  159 00000012                 ENDP
  160 00000012         SVC_Handler
                               PROC
  161 00000012                 EXPORT           SVC_Handler                [WEA
K]
  162 00000012 E7FE            B                .
  163 00000014                 ENDP
  164 00000014         DebugMon_Handler
                               PROC
  165 00000014         
  166 00000014                 EXPORT           DebugMon_Handler           [WEA
K]
  167 00000014 E7FE            B                .
  168 00000016                 ENDP
  169 00000016         PendSV_Handler
                               PROC
  170 00000016                 EXPORT           PendSV_Handler             [WEA
K]
  171 00000016 E7FE            B                .
  172 00000018                 ENDP
  173 00000018         SysTick_Handler
                               PROC
  174 00000018                 EXPORT           SysTick_Handler            [WEA
K]
  175 00000018 E7FE            B                .
  176 0000001A                 ENDP
  177 0000001A         
  178 0000001A         Default_Handler
                               PROC
  179 0000001A         
  180 0000001A                 EXPORT           WWDG_IRQHandler            [WEA
K]
  181 0000001A                 EXPORT           PVD_IRQHandler             [WEA
K]
  182 0000001A                 EXPORT           TAMPER_IRQHandler          [WEA
K]
  183 0000001A                 EXPORT           RTC_IRQHandler             [WEA
K]
  184 0000001A                 EXPORT           FLASH_IRQHandler           [WEA
K]
  185 0000001A                 EXPORT           RCC_IRQHandler             [WEA
K]
  186 0000001A                 EXPORT           EXTI0_IRQHandler           [WEA
K]
  187 0000001A                 EXPORT           EXTI1_IRQHandler           [WEA
K]
  188 0000001A                 EXPORT           EXTI2_IRQHandler           [WEA
K]
  189 0000001A                 EXPORT           EXTI3_IRQHandler           [WEA
K]
  190 0000001A                 EXPORT           EXTI4_IRQHandler           [WEA



ARM Macro Assembler    Page 6 


K]
  191 0000001A                 EXPORT           DMA1_Channel1_IRQHandler   [WEA
K]
  192 0000001A                 EXPORT           DMA1_Channel2_IRQHandler   [WEA
K]
  193 0000001A                 EXPORT           DMA1_Channel3_IRQHandler   [WEA
K]
  194 0000001A                 EXPORT           DMA1_Channel4_IRQHandler   [WEA
K]
  195 0000001A                 EXPORT           DMA1_Channel5_IRQHandler   [WEA
K]
  196 0000001A                 EXPORT           DMA1_Channel6_IRQHandler   [WEA
K]
  197 0000001A                 EXPORT           DMA1_Channel7_IRQHandler   [WEA
K]
  198 0000001A                 EXPORT           ADC1_2_IRQHandler          [WEA
K]
  199 0000001A                 EXPORT           USB_HP_CAN1_TX_IRQHandler  [WEA
K]
  200 0000001A                 EXPORT           USB_LP_CAN1_RX0_IRQHandler [WEA
K]
  201 0000001A                 EXPORT           CAN1_RX1_IRQHandler        [WEA
K]
  202 0000001A                 EXPORT           CAN1_SCE_IRQHandler        [WEA
K]
  203 0000001A                 EXPORT           EXTI9_5_IRQHandler         [WEA
K]
  204 0000001A                 EXPORT           TIM1_BRK_IRQHandler        [WEA
K]
  205 0000001A                 EXPORT           TIM1_UP_IRQHandler         [WEA
K]
  206 0000001A                 EXPORT           TIM1_TRG_COM_IRQHandler    [WEA
K]
  207 0000001A                 EXPORT           TIM1_CC_IRQHandler         [WEA
K]
  208 0000001A                 EXPORT           TIM2_IRQHandler            [WEA
K]
  209 0000001A                 EXPORT           TIM3_IRQHandler            [WEA
K]
  210 0000001A                 EXPORT           TIM4_IRQHandler            [WEA
K]
  211 0000001A                 EXPORT           I2C1_EV_IRQHandler         [WEA
K]
  212 0000001A                 EXPORT           I2C1_ER_IRQHandler         [WEA
K]
  213 0000001A                 EXPORT           I2C2_EV_IRQHandler         [WEA
K]
  214 0000001A                 EXPORT           I2C2_ER_IRQHandler         [WEA
K]
  215 0000001A                 EXPORT           SPI1_IRQHandler            [WEA
K]
  216 0000001A                 EXPORT           SPI2_IRQHandler            [WEA
K]
  217 0000001A                 EXPORT           USART1_IRQHandler          [WEA
K]
  218 0000001A                 EXPORT           USART2_IRQHandler          [WEA
K]
  219 0000001A                 EXPORT           USART3_IRQHandler          [WEA
K]



ARM Macro Assembler    Page 7 


  220 0000001A                 EXPORT           EXTI15_10_IRQHandler       [WEA
K]
  221 0000001A                 EXPORT           RTC_Alarm_IRQHandler        [WE
AK]
  222 0000001A                 EXPORT           USBWakeUp_IRQHandler       [WEA
K]
  223 0000001A         
  224 0000001A         WWDG_IRQHandler
  225 0000001A         PVD_IRQHandler
  226 0000001A         TAMPER_IRQHandler
  227 0000001A         RTC_IRQHandler
  228 0000001A         FLASH_IRQHandler
  229 0000001A         RCC_IRQHandler
  230 0000001A         EXTI0_IRQHandler
  231 0000001A         EXTI1_IRQHandler
  232 0000001A         EXTI2_IRQHandler
  233 0000001A         EXTI3_IRQHandler
  234 0000001A         EXTI4_IRQHandler
  235 0000001A         DMA1_Channel1_IRQHandler
  236 0000001A         DMA1_Channel2_IRQHandler
  237 0000001A         DMA1_Channel3_IRQHandler
  238 0000001A         DMA1_Channel4_IRQHandler
  239 0000001A         DMA1_Channel5_IRQHandler
  240 0000001A         DMA1_Channel6_IRQHandler
  241 0000001A         DMA1_Channel7_IRQHandler
  242 0000001A         ADC1_2_IRQHandler
  243 0000001A         USB_HP_CAN1_TX_IRQHandler
  244 0000001A         USB_LP_CAN1_RX0_IRQHandler
  245 0000001A         CAN1_RX1_IRQHandler
  246 0000001A         CAN1_SCE_IRQHandler
  247 0000001A         EXTI9_5_IRQHandler
  248 0000001A         TIM1_BRK_IRQHandler
  249 0000001A         TIM1_UP_IRQHandler
  250 0000001A         TIM1_TRG_COM_IRQHandler
  251 0000001A         TIM1_CC_IRQHandler
  252 0000001A         TIM2_IRQHandler
  253 0000001A         TIM3_IRQHandler
  254 0000001A         TIM4_IRQHandler
  255 0000001A         I2C1_EV_IRQHandler
  256 0000001A         I2C1_ER_IRQHandler
  257 0000001A         I2C2_EV_IRQHandler
  258 0000001A         I2C2_ER_IRQHandler
  259 0000001A         SPI1_IRQHandler
  260 0000001A         SPI2_IRQHandler
  261 0000001A         USART1_IRQHandler
  262 0000001A         USART2_IRQHandler
  263 0000001A         USART3_IRQHandler
  264 0000001A         EXTI15_10_IRQHandler
  265 0000001A         RTC_Alarm_IRQHandler
  266 0000001A         USBWakeUp_IRQHandler
  267 0000001A         
  268 0000001A E7FE            B                .
  269 0000001C         
  270 0000001C                 ENDP
  271 0000001C         
  272 0000001C                 ALIGN
  273 0000001C                 END
              00000000 
              00000000 



ARM Macro Assembler    Page 8 


Command Line: --debug --xref --cpreproc --diag_suppress=9931 --cpu=Cortex-M3 --
apcs=interwork --depend=.\build\uvision5\startup_stm32f103xb.d -o.\build\uvisio
n5\startup_stm32f103xb.o -ID:\LEARNING\mbed\mbed-os-stm32f103\RTE\_mbed-os-stm3
2f103 -IC:\Keil_v5\ARM\PACK\Keil\STM32F1xx_DFP\2.1.0\Device\Include -IC:\Keil_v
5\ARM\CMSIS\Include --predefine="__UVISION_VERSION SETA 522" --predefine="STM32
F10X_MD SETA 1" --cpreproc_opts=-D__ASSERT_MSG,-D__CORTEX_M3,-D__CMSIS_RTOS,-DA
RM_MATH_CM3,-D__MBED_CMSIS_RTOS_CM --list=.\buildstartup_stm32f103xb.lst mbed-o
s/targets/TARGET_STM/TARGET_STM32F1/TARGET_NUCLEO_F103RB/device/TOOLCHAIN_ARM_S
TD/startup_stm32f103xb.S



ARM Macro Assembler    Page 1 Alphabetic symbol ordering
Relocatable symbols

RESET 00000000

Symbol: RESET
   Definitions
      At line 51 in file mbed-os\targets\TARGET_STM\TARGET_STM32F1\TARGET_NUCLE
O_F103RB\device\TOOLCHAIN_ARM_STD\startup_stm32f103xb.S
   Uses
      None
Comment: RESET unused
__Vectors 00000000

Symbol: __Vectors
   Definitions
      At line 56 in file mbed-os\targets\TARGET_STM\TARGET_STM32F1\TARGET_NUCLE
O_F103RB\device\TOOLCHAIN_ARM_STD\startup_stm32f103xb.S
   Uses
      At line 52 in file mbed-os\targets\TARGET_STM\TARGET_STM32F1\TARGET_NUCLE
O_F103RB\device\TOOLCHAIN_ARM_STD\startup_stm32f103xb.S
      At line 119 in file mbed-os\targets\TARGET_STM\TARGET_STM32F1\TARGET_NUCL
EO_F103RB\device\TOOLCHAIN_ARM_STD\startup_stm32f103xb.S

__Vectors_End 000000EC

Symbol: __Vectors_End
   Definitions
      At line 117 in file mbed-os\targets\TARGET_STM\TARGET_STM32F1\TARGET_NUCL
EO_F103RB\device\TOOLCHAIN_ARM_STD\startup_stm32f103xb.S
   Uses
      At line 53 in file mbed-os\targets\TARGET_STM\TARGET_STM32F1\TARGET_NUCLE
O_F103RB\device\TOOLCHAIN_ARM_STD\startup_stm32f103xb.S
      At line 119 in file mbed-os\targets\TARGET_STM\TARGET_STM32F1\TARGET_NUCL
EO_F103RB\device\TOOLCHAIN_ARM_STD\startup_stm32f103xb.S

3 symbols



ARM Macro Assembler    Page 1 Alphabetic symbol ordering
Relocatable symbols

.text 00000000

Symbol: .text
   Definitions
      At line 121 in file mbed-os\targets\TARGET_STM\TARGET_STM32F1\TARGET_NUCL
EO_F103RB\device\TOOLCHAIN_ARM_STD\startup_stm32f103xb.S
   Uses
      None
Comment: .text unused
ADC1_2_IRQHandler 0000001A

Symbol: ADC1_2_IRQHandler
   Definitions
      At line 242 in file mbed-os\targets\TARGET_STM\TARGET_STM32F1\TARGET_NUCL
EO_F103RB\device\TOOLCHAIN_ARM_STD\startup_stm32f103xb.S
   Uses
      At line 92 in file mbed-os\targets\TARGET_STM\TARGET_STM32F1\TARGET_NUCLE
O_F103RB\device\TOOLCHAIN_ARM_STD\startup_stm32f103xb.S
      At line 198 in file mbed-os\targets\TARGET_STM\TARGET_STM32F1\TARGET_NUCL
EO_F103RB\device\TOOLCHAIN_ARM_STD\startup_stm32f103xb.S

BusFault_Handler 0000000E

Symbol: BusFault_Handler
   Definitions
      At line 150 in file mbed-os\targets\TARGET_STM\TARGET_STM32F1\TARGET_NUCL
EO_F103RB\device\TOOLCHAIN_ARM_STD\startup_stm32f103xb.S
   Uses
      At line 61 in file mbed-os\targets\TARGET_STM\TARGET_STM32F1\TARGET_NUCLE
O_F103RB\device\TOOLCHAIN_ARM_STD\startup_stm32f103xb.S
      At line 152 in file mbed-os\targets\TARGET_STM\TARGET_STM32F1\TARGET_NUCL
EO_F103RB\device\TOOLCHAIN_ARM_STD\startup_stm32f103xb.S

CAN1_RX1_IRQHandler 0000001A

Symbol: CAN1_RX1_IRQHandler
   Definitions
      At line 245 in file mbed-os\targets\TARGET_STM\TARGET_STM32F1\TARGET_NUCL
EO_F103RB\device\TOOLCHAIN_ARM_STD\startup_stm32f103xb.S
   Uses
      At line 95 in file mbed-os\targets\TARGET_STM\TARGET_STM32F1\TARGET_NUCLE
O_F103RB\device\TOOLCHAIN_ARM_STD\startup_stm32f103xb.S
      At line 201 in file mbed-os\targets\TARGET_STM\TARGET_STM32F1\TARGET_NUCL
EO_F103RB\device\TOOLCHAIN_ARM_STD\startup_stm32f103xb.S

CAN1_SCE_IRQHandler 0000001A

Symbol: CAN1_SCE_IRQHandler
   Definitions
      At line 246 in file mbed-os\targets\TARGET_STM\TARGET_STM32F1\TARGET_NUCL
EO_F103RB\device\TOOLCHAIN_ARM_STD\startup_stm32f103xb.S
   Uses
      At line 96 in file mbed-os\targets\TARGET_STM\TARGET_STM32F1\TARGET_NUCLE
O_F103RB\device\TOOLCHAIN_ARM_STD\startup_stm32f103xb.S
      At line 202 in file mbed-os\targets\TARGET_STM\TARGET_STM32F1\TARGET_NUCL
EO_F103RB\device\TOOLCHAIN_ARM_STD\startup_stm32f103xb.S

DMA1_Channel1_IRQHandler 0000001A




ARM Macro Assembler    Page 2 Alphabetic symbol ordering
Relocatable symbols

Symbol: DMA1_Channel1_IRQHandler
   Definitions
      At line 235 in file mbed-os\targets\TARGET_STM\TARGET_STM32F1\TARGET_NUCL
EO_F103RB\device\TOOLCHAIN_ARM_STD\startup_stm32f103xb.S
   Uses
      At line 85 in file mbed-os\targets\TARGET_STM\TARGET_STM32F1\TARGET_NUCLE
O_F103RB\device\TOOLCHAIN_ARM_STD\startup_stm32f103xb.S
      At line 191 in file mbed-os\targets\TARGET_STM\TARGET_STM32F1\TARGET_NUCL
EO_F103RB\device\TOOLCHAIN_ARM_STD\startup_stm32f103xb.S

DMA1_Channel2_IRQHandler 0000001A

Symbol: DMA1_Channel2_IRQHandler
   Definitions
      At line 236 in file mbed-os\targets\TARGET_STM\TARGET_STM32F1\TARGET_NUCL
EO_F103RB\device\TOOLCHAIN_ARM_STD\startup_stm32f103xb.S
   Uses
      At line 86 in file mbed-os\targets\TARGET_STM\TARGET_STM32F1\TARGET_NUCLE
O_F103RB\device\TOOLCHAIN_ARM_STD\startup_stm32f103xb.S
      At line 192 in file mbed-os\targets\TARGET_STM\TARGET_STM32F1\TARGET_NUCL
EO_F103RB\device\TOOLCHAIN_ARM_STD\startup_stm32f103xb.S

DMA1_Channel3_IRQHandler 0000001A

Symbol: DMA1_Channel3_IRQHandler
   Definitions
      At line 237 in file mbed-os\targets\TARGET_STM\TARGET_STM32F1\TARGET_NUCL
EO_F103RB\device\TOOLCHAIN_ARM_STD\startup_stm32f103xb.S
   Uses
      At line 87 in file mbed-os\targets\TARGET_STM\TARGET_STM32F1\TARGET_NUCLE
O_F103RB\device\TOOLCHAIN_ARM_STD\startup_stm32f103xb.S
      At line 193 in file mbed-os\targets\TARGET_STM\TARGET_STM32F1\TARGET_NUCL
EO_F103RB\device\TOOLCHAIN_ARM_STD\startup_stm32f103xb.S

DMA1_Channel4_IRQHandler 0000001A

Symbol: DMA1_Channel4_IRQHandler
   Definitions
      At line 238 in file mbed-os\targets\TARGET_STM\TARGET_STM32F1\TARGET_NUCL
EO_F103RB\device\TOOLCHAIN_ARM_STD\startup_stm32f103xb.S
   Uses
      At line 88 in file mbed-os\targets\TARGET_STM\TARGET_STM32F1\TARGET_NUCLE
O_F103RB\device\TOOLCHAIN_ARM_STD\startup_stm32f103xb.S
      At line 194 in file mbed-os\targets\TARGET_STM\TARGET_STM32F1\TARGET_NUCL
EO_F103RB\device\TOOLCHAIN_ARM_STD\startup_stm32f103xb.S

DMA1_Channel5_IRQHandler 0000001A

Symbol: DMA1_Channel5_IRQHandler
   Definitions
      At line 239 in file mbed-os\targets\TARGET_STM\TARGET_STM32F1\TARGET_NUCL
EO_F103RB\device\TOOLCHAIN_ARM_STD\startup_stm32f103xb.S
   Uses
      At line 89 in file mbed-os\targets\TARGET_STM\TARGET_STM32F1\TARGET_NUCLE
O_F103RB\device\TOOLCHAIN_ARM_STD\startup_stm32f103xb.S
      At line 195 in file mbed-os\targets\TARGET_STM\TARGET_STM32F1\TARGET_NUCL
EO_F103RB\device\TOOLCHAIN_ARM_STD\startup_stm32f103xb.S

DMA1_Channel6_IRQHandler 0000001A



ARM Macro Assembler    Page 3 Alphabetic symbol ordering
Relocatable symbols


Symbol: DMA1_Channel6_IRQHandler
   Definitions
      At line 240 in file mbed-os\targets\TARGET_STM\TARGET_STM32F1\TARGET_NUCL
EO_F103RB\device\TOOLCHAIN_ARM_STD\startup_stm32f103xb.S
   Uses
      At line 90 in file mbed-os\targets\TARGET_STM\TARGET_STM32F1\TARGET_NUCLE
O_F103RB\device\TOOLCHAIN_ARM_STD\startup_stm32f103xb.S
      At line 196 in file mbed-os\targets\TARGET_STM\TARGET_STM32F1\TARGET_NUCL
EO_F103RB\device\TOOLCHAIN_ARM_STD\startup_stm32f103xb.S

DMA1_Channel7_IRQHandler 0000001A

Symbol: DMA1_Channel7_IRQHandler
   Definitions
      At line 241 in file mbed-os\targets\TARGET_STM\TARGET_STM32F1\TARGET_NUCL
EO_F103RB\device\TOOLCHAIN_ARM_STD\startup_stm32f103xb.S
   Uses
      At line 91 in file mbed-os\targets\TARGET_STM\TARGET_STM32F1\TARGET_NUCLE
O_F103RB\device\TOOLCHAIN_ARM_STD\startup_stm32f103xb.S
      At line 197 in file mbed-os\targets\TARGET_STM\TARGET_STM32F1\TARGET_NUCL
EO_F103RB\device\TOOLCHAIN_ARM_STD\startup_stm32f103xb.S

DebugMon_Handler 00000014

Symbol: DebugMon_Handler
   Definitions
      At line 164 in file mbed-os\targets\TARGET_STM\TARGET_STM32F1\TARGET_NUCL
EO_F103RB\device\TOOLCHAIN_ARM_STD\startup_stm32f103xb.S
   Uses
      At line 68 in file mbed-os\targets\TARGET_STM\TARGET_STM32F1\TARGET_NUCLE
O_F103RB\device\TOOLCHAIN_ARM_STD\startup_stm32f103xb.S
      At line 166 in file mbed-os\targets\TARGET_STM\TARGET_STM32F1\TARGET_NUCL
EO_F103RB\device\TOOLCHAIN_ARM_STD\startup_stm32f103xb.S

Default_Handler 0000001A

Symbol: Default_Handler
   Definitions
      At line 178 in file mbed-os\targets\TARGET_STM\TARGET_STM32F1\TARGET_NUCL
EO_F103RB\device\TOOLCHAIN_ARM_STD\startup_stm32f103xb.S
   Uses
      None
Comment: Default_Handler unused
EXTI0_IRQHandler 0000001A

Symbol: EXTI0_IRQHandler
   Definitions
      At line 230 in file mbed-os\targets\TARGET_STM\TARGET_STM32F1\TARGET_NUCL
EO_F103RB\device\TOOLCHAIN_ARM_STD\startup_stm32f103xb.S
   Uses
      At line 80 in file mbed-os\targets\TARGET_STM\TARGET_STM32F1\TARGET_NUCLE
O_F103RB\device\TOOLCHAIN_ARM_STD\startup_stm32f103xb.S
      At line 186 in file mbed-os\targets\TARGET_STM\TARGET_STM32F1\TARGET_NUCL
EO_F103RB\device\TOOLCHAIN_ARM_STD\startup_stm32f103xb.S

EXTI15_10_IRQHandler 0000001A

Symbol: EXTI15_10_IRQHandler



ARM Macro Assembler    Page 4 Alphabetic symbol ordering
Relocatable symbols

   Definitions
      At line 264 in file mbed-os\targets\TARGET_STM\TARGET_STM32F1\TARGET_NUCL
EO_F103RB\device\TOOLCHAIN_ARM_STD\startup_stm32f103xb.S
   Uses
      At line 114 in file mbed-os\targets\TARGET_STM\TARGET_STM32F1\TARGET_NUCL
EO_F103RB\device\TOOLCHAIN_ARM_STD\startup_stm32f103xb.S
      At line 220 in file mbed-os\targets\TARGET_STM\TARGET_STM32F1\TARGET_NUCL
EO_F103RB\device\TOOLCHAIN_ARM_STD\startup_stm32f103xb.S

EXTI1_IRQHandler 0000001A

Symbol: EXTI1_IRQHandler
   Definitions
      At line 231 in file mbed-os\targets\TARGET_STM\TARGET_STM32F1\TARGET_NUCL
EO_F103RB\device\TOOLCHAIN_ARM_STD\startup_stm32f103xb.S
   Uses
      At line 81 in file mbed-os\targets\TARGET_STM\TARGET_STM32F1\TARGET_NUCLE
O_F103RB\device\TOOLCHAIN_ARM_STD\startup_stm32f103xb.S
      At line 187 in file mbed-os\targets\TARGET_STM\TARGET_STM32F1\TARGET_NUCL
EO_F103RB\device\TOOLCHAIN_ARM_STD\startup_stm32f103xb.S

EXTI2_IRQHandler 0000001A

Symbol: EXTI2_IRQHandler
   Definitions
      At line 232 in file mbed-os\targets\TARGET_STM\TARGET_STM32F1\TARGET_NUCL
EO_F103RB\device\TOOLCHAIN_ARM_STD\startup_stm32f103xb.S
   Uses
      At line 82 in file mbed-os\targets\TARGET_STM\TARGET_STM32F1\TARGET_NUCLE
O_F103RB\device\TOOLCHAIN_ARM_STD\startup_stm32f103xb.S
      At line 188 in file mbed-os\targets\TARGET_STM\TARGET_STM32F1\TARGET_NUCL
EO_F103RB\device\TOOLCHAIN_ARM_STD\startup_stm32f103xb.S

EXTI3_IRQHandler 0000001A

Symbol: EXTI3_IRQHandler
   Definitions
      At line 233 in file mbed-os\targets\TARGET_STM\TARGET_STM32F1\TARGET_NUCL
EO_F103RB\device\TOOLCHAIN_ARM_STD\startup_stm32f103xb.S
   Uses
      At line 83 in file mbed-os\targets\TARGET_STM\TARGET_STM32F1\TARGET_NUCLE
O_F103RB\device\TOOLCHAIN_ARM_STD\startup_stm32f103xb.S
      At line 189 in file mbed-os\targets\TARGET_STM\TARGET_STM32F1\TARGET_NUCL
EO_F103RB\device\TOOLCHAIN_ARM_STD\startup_stm32f103xb.S

EXTI4_IRQHandler 0000001A

Symbol: EXTI4_IRQHandler
   Definitions
      At line 234 in file mbed-os\targets\TARGET_STM\TARGET_STM32F1\TARGET_NUCL
EO_F103RB\device\TOOLCHAIN_ARM_STD\startup_stm32f103xb.S
   Uses
      At line 84 in file mbed-os\targets\TARGET_STM\TARGET_STM32F1\TARGET_NUCLE
O_F103RB\device\TOOLCHAIN_ARM_STD\startup_stm32f103xb.S
      At line 190 in file mbed-os\targets\TARGET_STM\TARGET_STM32F1\TARGET_NUCL
EO_F103RB\device\TOOLCHAIN_ARM_STD\startup_stm32f103xb.S

EXTI9_5_IRQHandler 0000001A




ARM Macro Assembler    Page 5 Alphabetic symbol ordering
Relocatable symbols

Symbol: EXTI9_5_IRQHandler
   Definitions
      At line 247 in file mbed-os\targets\TARGET_STM\TARGET_STM32F1\TARGET_NUCL
EO_F103RB\device\TOOLCHAIN_ARM_STD\startup_stm32f103xb.S
   Uses
      At line 97 in file mbed-os\targets\TARGET_STM\TARGET_STM32F1\TARGET_NUCLE
O_F103RB\device\TOOLCHAIN_ARM_STD\startup_stm32f103xb.S
      At line 203 in file mbed-os\targets\TARGET_STM\TARGET_STM32F1\TARGET_NUCL
EO_F103RB\device\TOOLCHAIN_ARM_STD\startup_stm32f103xb.S

FLASH_IRQHandler 0000001A

Symbol: FLASH_IRQHandler
   Definitions
      At line 228 in file mbed-os\targets\TARGET_STM\TARGET_STM32F1\TARGET_NUCL
EO_F103RB\device\TOOLCHAIN_ARM_STD\startup_stm32f103xb.S
   Uses
      At line 78 in file mbed-os\targets\TARGET_STM\TARGET_STM32F1\TARGET_NUCLE
O_F103RB\device\TOOLCHAIN_ARM_STD\startup_stm32f103xb.S
      At line 184 in file mbed-os\targets\TARGET_STM\TARGET_STM32F1\TARGET_NUCL
EO_F103RB\device\TOOLCHAIN_ARM_STD\startup_stm32f103xb.S

HardFault_Handler 0000000A

Symbol: HardFault_Handler
   Definitions
      At line 140 in file mbed-os\targets\TARGET_STM\TARGET_STM32F1\TARGET_NUCL
EO_F103RB\device\TOOLCHAIN_ARM_STD\startup_stm32f103xb.S
   Uses
      At line 59 in file mbed-os\targets\TARGET_STM\TARGET_STM32F1\TARGET_NUCLE
O_F103RB\device\TOOLCHAIN_ARM_STD\startup_stm32f103xb.S
      At line 142 in file mbed-os\targets\TARGET_STM\TARGET_STM32F1\TARGET_NUCL
EO_F103RB\device\TOOLCHAIN_ARM_STD\startup_stm32f103xb.S

I2C1_ER_IRQHandler 0000001A

Symbol: I2C1_ER_IRQHandler
   Definitions
      At line 256 in file mbed-os\targets\TARGET_STM\TARGET_STM32F1\TARGET_NUCL
EO_F103RB\device\TOOLCHAIN_ARM_STD\startup_stm32f103xb.S
   Uses
      At line 106 in file mbed-os\targets\TARGET_STM\TARGET_STM32F1\TARGET_NUCL
EO_F103RB\device\TOOLCHAIN_ARM_STD\startup_stm32f103xb.S
      At line 212 in file mbed-os\targets\TARGET_STM\TARGET_STM32F1\TARGET_NUCL
EO_F103RB\device\TOOLCHAIN_ARM_STD\startup_stm32f103xb.S

I2C1_EV_IRQHandler 0000001A

Symbol: I2C1_EV_IRQHandler
   Definitions
      At line 255 in file mbed-os\targets\TARGET_STM\TARGET_STM32F1\TARGET_NUCL
EO_F103RB\device\TOOLCHAIN_ARM_STD\startup_stm32f103xb.S
   Uses
      At line 105 in file mbed-os\targets\TARGET_STM\TARGET_STM32F1\TARGET_NUCL
EO_F103RB\device\TOOLCHAIN_ARM_STD\startup_stm32f103xb.S
      At line 211 in file mbed-os\targets\TARGET_STM\TARGET_STM32F1\TARGET_NUCL
EO_F103RB\device\TOOLCHAIN_ARM_STD\startup_stm32f103xb.S

I2C2_ER_IRQHandler 0000001A



ARM Macro Assembler    Page 6 Alphabetic symbol ordering
Relocatable symbols


Symbol: I2C2_ER_IRQHandler
   Definitions
      At line 258 in file mbed-os\targets\TARGET_STM\TARGET_STM32F1\TARGET_NUCL
EO_F103RB\device\TOOLCHAIN_ARM_STD\startup_stm32f103xb.S
   Uses
      At line 108 in file mbed-os\targets\TARGET_STM\TARGET_STM32F1\TARGET_NUCL
EO_F103RB\device\TOOLCHAIN_ARM_STD\startup_stm32f103xb.S
      At line 214 in file mbed-os\targets\TARGET_STM\TARGET_STM32F1\TARGET_NUCL
EO_F103RB\device\TOOLCHAIN_ARM_STD\startup_stm32f103xb.S

I2C2_EV_IRQHandler 0000001A

Symbol: I2C2_EV_IRQHandler
   Definitions
      At line 257 in file mbed-os\targets\TARGET_STM\TARGET_STM32F1\TARGET_NUCL
EO_F103RB\device\TOOLCHAIN_ARM_STD\startup_stm32f103xb.S
   Uses
      At line 107 in file mbed-os\targets\TARGET_STM\TARGET_STM32F1\TARGET_NUCL
EO_F103RB\device\TOOLCHAIN_ARM_STD\startup_stm32f103xb.S
      At line 213 in file mbed-os\targets\TARGET_STM\TARGET_STM32F1\TARGET_NUCL
EO_F103RB\device\TOOLCHAIN_ARM_STD\startup_stm32f103xb.S

MemManage_Handler 0000000C

Symbol: MemManage_Handler
   Definitions
      At line 145 in file mbed-os\targets\TARGET_STM\TARGET_STM32F1\TARGET_NUCL
EO_F103RB\device\TOOLCHAIN_ARM_STD\startup_stm32f103xb.S
   Uses
      At line 60 in file mbed-os\targets\TARGET_STM\TARGET_STM32F1\TARGET_NUCLE
O_F103RB\device\TOOLCHAIN_ARM_STD\startup_stm32f103xb.S
      At line 147 in file mbed-os\targets\TARGET_STM\TARGET_STM32F1\TARGET_NUCL
EO_F103RB\device\TOOLCHAIN_ARM_STD\startup_stm32f103xb.S

NMI_Handler 00000008

Symbol: NMI_Handler
   Definitions
      At line 136 in file mbed-os\targets\TARGET_STM\TARGET_STM32F1\TARGET_NUCL
EO_F103RB\device\TOOLCHAIN_ARM_STD\startup_stm32f103xb.S
   Uses
      At line 58 in file mbed-os\targets\TARGET_STM\TARGET_STM32F1\TARGET_NUCLE
O_F103RB\device\TOOLCHAIN_ARM_STD\startup_stm32f103xb.S
      At line 137 in file mbed-os\targets\TARGET_STM\TARGET_STM32F1\TARGET_NUCL
EO_F103RB\device\TOOLCHAIN_ARM_STD\startup_stm32f103xb.S

PVD_IRQHandler 0000001A

Symbol: PVD_IRQHandler
   Definitions
      At line 225 in file mbed-os\targets\TARGET_STM\TARGET_STM32F1\TARGET_NUCL
EO_F103RB\device\TOOLCHAIN_ARM_STD\startup_stm32f103xb.S
   Uses
      At line 75 in file mbed-os\targets\TARGET_STM\TARGET_STM32F1\TARGET_NUCLE
O_F103RB\device\TOOLCHAIN_ARM_STD\startup_stm32f103xb.S
      At line 181 in file mbed-os\targets\TARGET_STM\TARGET_STM32F1\TARGET_NUCL
EO_F103RB\device\TOOLCHAIN_ARM_STD\startup_stm32f103xb.S




ARM Macro Assembler    Page 7 Alphabetic symbol ordering
Relocatable symbols

PendSV_Handler 00000016

Symbol: PendSV_Handler
   Definitions
      At line 169 in file mbed-os\targets\TARGET_STM\TARGET_STM32F1\TARGET_NUCL
EO_F103RB\device\TOOLCHAIN_ARM_STD\startup_stm32f103xb.S
   Uses
      At line 70 in file mbed-os\targets\TARGET_STM\TARGET_STM32F1\TARGET_NUCLE
O_F103RB\device\TOOLCHAIN_ARM_STD\startup_stm32f103xb.S
      At line 170 in file mbed-os\targets\TARGET_STM\TARGET_STM32F1\TARGET_NUCL
EO_F103RB\device\TOOLCHAIN_ARM_STD\startup_stm32f103xb.S

RCC_IRQHandler 0000001A

Symbol: RCC_IRQHandler
   Definitions
      At line 229 in file mbed-os\targets\TARGET_STM\TARGET_STM32F1\TARGET_NUCL
EO_F103RB\device\TOOLCHAIN_ARM_STD\startup_stm32f103xb.S
   Uses
      At line 79 in file mbed-os\targets\TARGET_STM\TARGET_STM32F1\TARGET_NUCLE
O_F103RB\device\TOOLCHAIN_ARM_STD\startup_stm32f103xb.S
      At line 185 in file mbed-os\targets\TARGET_STM\TARGET_STM32F1\TARGET_NUCL
EO_F103RB\device\TOOLCHAIN_ARM_STD\startup_stm32f103xb.S

RTC_Alarm_IRQHandler 0000001A

Symbol: RTC_Alarm_IRQHandler
   Definitions
      At line 265 in file mbed-os\targets\TARGET_STM\TARGET_STM32F1\TARGET_NUCL
EO_F103RB\device\TOOLCHAIN_ARM_STD\startup_stm32f103xb.S
   Uses
      At line 115 in file mbed-os\targets\TARGET_STM\TARGET_STM32F1\TARGET_NUCL
EO_F103RB\device\TOOLCHAIN_ARM_STD\startup_stm32f103xb.S
      At line 221 in file mbed-os\targets\TARGET_STM\TARGET_STM32F1\TARGET_NUCL
EO_F103RB\device\TOOLCHAIN_ARM_STD\startup_stm32f103xb.S

RTC_IRQHandler 0000001A

Symbol: RTC_IRQHandler
   Definitions
      At line 227 in file mbed-os\targets\TARGET_STM\TARGET_STM32F1\TARGET_NUCL
EO_F103RB\device\TOOLCHAIN_ARM_STD\startup_stm32f103xb.S
   Uses
      At line 77 in file mbed-os\targets\TARGET_STM\TARGET_STM32F1\TARGET_NUCLE
O_F103RB\device\TOOLCHAIN_ARM_STD\startup_stm32f103xb.S
      At line 183 in file mbed-os\targets\TARGET_STM\TARGET_STM32F1\TARGET_NUCL
EO_F103RB\device\TOOLCHAIN_ARM_STD\startup_stm32f103xb.S

Reset_Handler 00000000

Symbol: Reset_Handler
   Definitions
      At line 124 in file mbed-os\targets\TARGET_STM\TARGET_STM32F1\TARGET_NUCL
EO_F103RB\device\TOOLCHAIN_ARM_STD\startup_stm32f103xb.S
   Uses
      At line 57 in file mbed-os\targets\TARGET_STM\TARGET_STM32F1\TARGET_NUCLE
O_F103RB\device\TOOLCHAIN_ARM_STD\startup_stm32f103xb.S
      At line 125 in file mbed-os\targets\TARGET_STM\TARGET_STM32F1\TARGET_NUCL
EO_F103RB\device\TOOLCHAIN_ARM_STD\startup_stm32f103xb.S



ARM Macro Assembler    Page 8 Alphabetic symbol ordering
Relocatable symbols


SPI1_IRQHandler 0000001A

Symbol: SPI1_IRQHandler
   Definitions
      At line 259 in file mbed-os\targets\TARGET_STM\TARGET_STM32F1\TARGET_NUCL
EO_F103RB\device\TOOLCHAIN_ARM_STD\startup_stm32f103xb.S
   Uses
      At line 109 in file mbed-os\targets\TARGET_STM\TARGET_STM32F1\TARGET_NUCL
EO_F103RB\device\TOOLCHAIN_ARM_STD\startup_stm32f103xb.S
      At line 215 in file mbed-os\targets\TARGET_STM\TARGET_STM32F1\TARGET_NUCL
EO_F103RB\device\TOOLCHAIN_ARM_STD\startup_stm32f103xb.S

SPI2_IRQHandler 0000001A

Symbol: SPI2_IRQHandler
   Definitions
      At line 260 in file mbed-os\targets\TARGET_STM\TARGET_STM32F1\TARGET_NUCL
EO_F103RB\device\TOOLCHAIN_ARM_STD\startup_stm32f103xb.S
   Uses
      At line 110 in file mbed-os\targets\TARGET_STM\TARGET_STM32F1\TARGET_NUCL
EO_F103RB\device\TOOLCHAIN_ARM_STD\startup_stm32f103xb.S
      At line 216 in file mbed-os\targets\TARGET_STM\TARGET_STM32F1\TARGET_NUCL
EO_F103RB\device\TOOLCHAIN_ARM_STD\startup_stm32f103xb.S

SVC_Handler 00000012

Symbol: SVC_Handler
   Definitions
      At line 160 in file mbed-os\targets\TARGET_STM\TARGET_STM32F1\TARGET_NUCL
EO_F103RB\device\TOOLCHAIN_ARM_STD\startup_stm32f103xb.S
   Uses
      At line 67 in file mbed-os\targets\TARGET_STM\TARGET_STM32F1\TARGET_NUCLE
O_F103RB\device\TOOLCHAIN_ARM_STD\startup_stm32f103xb.S
      At line 161 in file mbed-os\targets\TARGET_STM\TARGET_STM32F1\TARGET_NUCL
EO_F103RB\device\TOOLCHAIN_ARM_STD\startup_stm32f103xb.S

SysTick_Handler 00000018

Symbol: SysTick_Handler
   Definitions
      At line 173 in file mbed-os\targets\TARGET_STM\TARGET_STM32F1\TARGET_NUCL
EO_F103RB\device\TOOLCHAIN_ARM_STD\startup_stm32f103xb.S
   Uses
      At line 71 in file mbed-os\targets\TARGET_STM\TARGET_STM32F1\TARGET_NUCLE
O_F103RB\device\TOOLCHAIN_ARM_STD\startup_stm32f103xb.S
      At line 174 in file mbed-os\targets\TARGET_STM\TARGET_STM32F1\TARGET_NUCL
EO_F103RB\device\TOOLCHAIN_ARM_STD\startup_stm32f103xb.S

TAMPER_IRQHandler 0000001A

Symbol: TAMPER_IRQHandler
   Definitions
      At line 226 in file mbed-os\targets\TARGET_STM\TARGET_STM32F1\TARGET_NUCL
EO_F103RB\device\TOOLCHAIN_ARM_STD\startup_stm32f103xb.S
   Uses
      At line 76 in file mbed-os\targets\TARGET_STM\TARGET_STM32F1\TARGET_NUCLE
O_F103RB\device\TOOLCHAIN_ARM_STD\startup_stm32f103xb.S
      At line 182 in file mbed-os\targets\TARGET_STM\TARGET_STM32F1\TARGET_NUCL



ARM Macro Assembler    Page 9 Alphabetic symbol ordering
Relocatable symbols

EO_F103RB\device\TOOLCHAIN_ARM_STD\startup_stm32f103xb.S

TIM1_BRK_IRQHandler 0000001A

Symbol: TIM1_BRK_IRQHandler
   Definitions
      At line 248 in file mbed-os\targets\TARGET_STM\TARGET_STM32F1\TARGET_NUCL
EO_F103RB\device\TOOLCHAIN_ARM_STD\startup_stm32f103xb.S
   Uses
      At line 98 in file mbed-os\targets\TARGET_STM\TARGET_STM32F1\TARGET_NUCLE
O_F103RB\device\TOOLCHAIN_ARM_STD\startup_stm32f103xb.S
      At line 204 in file mbed-os\targets\TARGET_STM\TARGET_STM32F1\TARGET_NUCL
EO_F103RB\device\TOOLCHAIN_ARM_STD\startup_stm32f103xb.S

TIM1_CC_IRQHandler 0000001A

Symbol: TIM1_CC_IRQHandler
   Definitions
      At line 251 in file mbed-os\targets\TARGET_STM\TARGET_STM32F1\TARGET_NUCL
EO_F103RB\device\TOOLCHAIN_ARM_STD\startup_stm32f103xb.S
   Uses
      At line 101 in file mbed-os\targets\TARGET_STM\TARGET_STM32F1\TARGET_NUCL
EO_F103RB\device\TOOLCHAIN_ARM_STD\startup_stm32f103xb.S
      At line 207 in file mbed-os\targets\TARGET_STM\TARGET_STM32F1\TARGET_NUCL
EO_F103RB\device\TOOLCHAIN_ARM_STD\startup_stm32f103xb.S

TIM1_TRG_COM_IRQHandler 0000001A

Symbol: TIM1_TRG_COM_IRQHandler
   Definitions
      At line 250 in file mbed-os\targets\TARGET_STM\TARGET_STM32F1\TARGET_NUCL
EO_F103RB\device\TOOLCHAIN_ARM_STD\startup_stm32f103xb.S
   Uses
      At line 100 in file mbed-os\targets\TARGET_STM\TARGET_STM32F1\TARGET_NUCL
EO_F103RB\device\TOOLCHAIN_ARM_STD\startup_stm32f103xb.S
      At line 206 in file mbed-os\targets\TARGET_STM\TARGET_STM32F1\TARGET_NUCL
EO_F103RB\device\TOOLCHAIN_ARM_STD\startup_stm32f103xb.S

TIM1_UP_IRQHandler 0000001A

Symbol: TIM1_UP_IRQHandler
   Definitions
      At line 249 in file mbed-os\targets\TARGET_STM\TARGET_STM32F1\TARGET_NUCL
EO_F103RB\device\TOOLCHAIN_ARM_STD\startup_stm32f103xb.S
   Uses
      At line 99 in file mbed-os\targets\TARGET_STM\TARGET_STM32F1\TARGET_NUCLE
O_F103RB\device\TOOLCHAIN_ARM_STD\startup_stm32f103xb.S
      At line 205 in file mbed-os\targets\TARGET_STM\TARGET_STM32F1\TARGET_NUCL
EO_F103RB\device\TOOLCHAIN_ARM_STD\startup_stm32f103xb.S

TIM2_IRQHandler 0000001A

Symbol: TIM2_IRQHandler
   Definitions
      At line 252 in file mbed-os\targets\TARGET_STM\TARGET_STM32F1\TARGET_NUCL
EO_F103RB\device\TOOLCHAIN_ARM_STD\startup_stm32f103xb.S
   Uses
      At line 102 in file mbed-os\targets\TARGET_STM\TARGET_STM32F1\TARGET_NUCL
EO_F103RB\device\TOOLCHAIN_ARM_STD\startup_stm32f103xb.S



ARM Macro Assembler    Page 10 Alphabetic symbol ordering
Relocatable symbols

      At line 208 in file mbed-os\targets\TARGET_STM\TARGET_STM32F1\TARGET_NUCL
EO_F103RB\device\TOOLCHAIN_ARM_STD\startup_stm32f103xb.S

TIM3_IRQHandler 0000001A

Symbol: TIM3_IRQHandler
   Definitions
      At line 253 in file mbed-os\targets\TARGET_STM\TARGET_STM32F1\TARGET_NUCL
EO_F103RB\device\TOOLCHAIN_ARM_STD\startup_stm32f103xb.S
   Uses
      At line 103 in file mbed-os\targets\TARGET_STM\TARGET_STM32F1\TARGET_NUCL
EO_F103RB\device\TOOLCHAIN_ARM_STD\startup_stm32f103xb.S
      At line 209 in file mbed-os\targets\TARGET_STM\TARGET_STM32F1\TARGET_NUCL
EO_F103RB\device\TOOLCHAIN_ARM_STD\startup_stm32f103xb.S

TIM4_IRQHandler 0000001A

Symbol: TIM4_IRQHandler
   Definitions
      At line 254 in file mbed-os\targets\TARGET_STM\TARGET_STM32F1\TARGET_NUCL
EO_F103RB\device\TOOLCHAIN_ARM_STD\startup_stm32f103xb.S
   Uses
      At line 104 in file mbed-os\targets\TARGET_STM\TARGET_STM32F1\TARGET_NUCL
EO_F103RB\device\TOOLCHAIN_ARM_STD\startup_stm32f103xb.S
      At line 210 in file mbed-os\targets\TARGET_STM\TARGET_STM32F1\TARGET_NUCL
EO_F103RB\device\TOOLCHAIN_ARM_STD\startup_stm32f103xb.S

USART1_IRQHandler 0000001A

Symbol: USART1_IRQHandler
   Definitions
      At line 261 in file mbed-os\targets\TARGET_STM\TARGET_STM32F1\TARGET_NUCL
EO_F103RB\device\TOOLCHAIN_ARM_STD\startup_stm32f103xb.S
   Uses
      At line 111 in file mbed-os\targets\TARGET_STM\TARGET_STM32F1\TARGET_NUCL
EO_F103RB\device\TOOLCHAIN_ARM_STD\startup_stm32f103xb.S
      At line 217 in file mbed-os\targets\TARGET_STM\TARGET_STM32F1\TARGET_NUCL
EO_F103RB\device\TOOLCHAIN_ARM_STD\startup_stm32f103xb.S

USART2_IRQHandler 0000001A

Symbol: USART2_IRQHandler
   Definitions
      At line 262 in file mbed-os\targets\TARGET_STM\TARGET_STM32F1\TARGET_NUCL
EO_F103RB\device\TOOLCHAIN_ARM_STD\startup_stm32f103xb.S
   Uses
      At line 112 in file mbed-os\targets\TARGET_STM\TARGET_STM32F1\TARGET_NUCL
EO_F103RB\device\TOOLCHAIN_ARM_STD\startup_stm32f103xb.S
      At line 218 in file mbed-os\targets\TARGET_STM\TARGET_STM32F1\TARGET_NUCL
EO_F103RB\device\TOOLCHAIN_ARM_STD\startup_stm32f103xb.S

USART3_IRQHandler 0000001A

Symbol: USART3_IRQHandler
   Definitions
      At line 263 in file mbed-os\targets\TARGET_STM\TARGET_STM32F1\TARGET_NUCL
EO_F103RB\device\TOOLCHAIN_ARM_STD\startup_stm32f103xb.S
   Uses
      At line 113 in file mbed-os\targets\TARGET_STM\TARGET_STM32F1\TARGET_NUCL



ARM Macro Assembler    Page 11 Alphabetic symbol ordering
Relocatable symbols

EO_F103RB\device\TOOLCHAIN_ARM_STD\startup_stm32f103xb.S
      At line 219 in file mbed-os\targets\TARGET_STM\TARGET_STM32F1\TARGET_NUCL
EO_F103RB\device\TOOLCHAIN_ARM_STD\startup_stm32f103xb.S

USBWakeUp_IRQHandler 0000001A

Symbol: USBWakeUp_IRQHandler
   Definitions
      At line 266 in file mbed-os\targets\TARGET_STM\TARGET_STM32F1\TARGET_NUCL
EO_F103RB\device\TOOLCHAIN_ARM_STD\startup_stm32f103xb.S
   Uses
      At line 116 in file mbed-os\targets\TARGET_STM\TARGET_STM32F1\TARGET_NUCL
EO_F103RB\device\TOOLCHAIN_ARM_STD\startup_stm32f103xb.S
      At line 222 in file mbed-os\targets\TARGET_STM\TARGET_STM32F1\TARGET_NUCL
EO_F103RB\device\TOOLCHAIN_ARM_STD\startup_stm32f103xb.S

USB_HP_CAN1_TX_IRQHandler 0000001A

Symbol: USB_HP_CAN1_TX_IRQHandler
   Definitions
      At line 243 in file mbed-os\targets\TARGET_STM\TARGET_STM32F1\TARGET_NUCL
EO_F103RB\device\TOOLCHAIN_ARM_STD\startup_stm32f103xb.S
   Uses
      At line 93 in file mbed-os\targets\TARGET_STM\TARGET_STM32F1\TARGET_NUCLE
O_F103RB\device\TOOLCHAIN_ARM_STD\startup_stm32f103xb.S
      At line 199 in file mbed-os\targets\TARGET_STM\TARGET_STM32F1\TARGET_NUCL
EO_F103RB\device\TOOLCHAIN_ARM_STD\startup_stm32f103xb.S

USB_LP_CAN1_RX0_IRQHandler 0000001A

Symbol: USB_LP_CAN1_RX0_IRQHandler
   Definitions
      At line 244 in file mbed-os\targets\TARGET_STM\TARGET_STM32F1\TARGET_NUCL
EO_F103RB\device\TOOLCHAIN_ARM_STD\startup_stm32f103xb.S
   Uses
      At line 94 in file mbed-os\targets\TARGET_STM\TARGET_STM32F1\TARGET_NUCLE
O_F103RB\device\TOOLCHAIN_ARM_STD\startup_stm32f103xb.S
      At line 200 in file mbed-os\targets\TARGET_STM\TARGET_STM32F1\TARGET_NUCL
EO_F103RB\device\TOOLCHAIN_ARM_STD\startup_stm32f103xb.S

UsageFault_Handler 00000010

Symbol: UsageFault_Handler
   Definitions
      At line 155 in file mbed-os\targets\TARGET_STM\TARGET_STM32F1\TARGET_NUCL
EO_F103RB\device\TOOLCHAIN_ARM_STD\startup_stm32f103xb.S
   Uses
      At line 62 in file mbed-os\targets\TARGET_STM\TARGET_STM32F1\TARGET_NUCLE
O_F103RB\device\TOOLCHAIN_ARM_STD\startup_stm32f103xb.S
      At line 157 in file mbed-os\targets\TARGET_STM\TARGET_STM32F1\TARGET_NUCL
EO_F103RB\device\TOOLCHAIN_ARM_STD\startup_stm32f103xb.S

WWDG_IRQHandler 0000001A

Symbol: WWDG_IRQHandler
   Definitions
      At line 224 in file mbed-os\targets\TARGET_STM\TARGET_STM32F1\TARGET_NUCL
EO_F103RB\device\TOOLCHAIN_ARM_STD\startup_stm32f103xb.S
   Uses



ARM Macro Assembler    Page 12 Alphabetic symbol ordering
Relocatable symbols

      At line 74 in file mbed-os\targets\TARGET_STM\TARGET_STM32F1\TARGET_NUCLE
O_F103RB\device\TOOLCHAIN_ARM_STD\startup_stm32f103xb.S
      At line 180 in file mbed-os\targets\TARGET_STM\TARGET_STM32F1\TARGET_NUCL
EO_F103RB\device\TOOLCHAIN_ARM_STD\startup_stm32f103xb.S

55 symbols



ARM Macro Assembler    Page 1 Alphabetic symbol ordering
Absolute symbols

__Vectors_Size 000000EC

Symbol: __Vectors_Size
   Definitions
      At line 119 in file mbed-os\targets\TARGET_STM\TARGET_STM32F1\TARGET_NUCL
EO_F103RB\device\TOOLCHAIN_ARM_STD\startup_stm32f103xb.S
   Uses
      At line 54 in file mbed-os\targets\TARGET_STM\TARGET_STM32F1\TARGET_NUCLE
O_F103RB\device\TOOLCHAIN_ARM_STD\startup_stm32f103xb.S
Comment: __Vectors_Size used once
__initial_sp 20005000

Symbol: __initial_sp
   Definitions
      At line 44 in file mbed-os\targets\TARGET_STM\TARGET_STM32F1\TARGET_NUCLE
O_F103RB\device\TOOLCHAIN_ARM_STD\startup_stm32f103xb.S
   Uses
      At line 56 in file mbed-os\targets\TARGET_STM\TARGET_STM32F1\TARGET_NUCLE
O_F103RB\device\TOOLCHAIN_ARM_STD\startup_stm32f103xb.S
Comment: __initial_sp used once
2 symbols



ARM Macro Assembler    Page 1 Alphabetic symbol ordering
External symbols

SystemInit 00000000

Symbol: SystemInit
   Definitions
      At line 127 in file mbed-os\targets\TARGET_STM\TARGET_STM32F1\TARGET_NUCL
EO_F103RB\device\TOOLCHAIN_ARM_STD\startup_stm32f103xb.S
   Uses
      At line 128 in file mbed-os\targets\TARGET_STM\TARGET_STM32F1\TARGET_NUCL
EO_F103RB\device\TOOLCHAIN_ARM_STD\startup_stm32f103xb.S
Comment: SystemInit used once
__main 00000000

Symbol: __main
   Definitions
      At line 126 in file mbed-os\targets\TARGET_STM\TARGET_STM32F1\TARGET_NUCL
EO_F103RB\device\TOOLCHAIN_ARM_STD\startup_stm32f103xb.S
   Uses
      At line 130 in file mbed-os\targets\TARGET_STM\TARGET_STM32F1\TARGET_NUCL
EO_F103RB\device\TOOLCHAIN_ARM_STD\startup_stm32f103xb.S
Comment: __main used once
2 symbols
396 symbols in table
