


ARM Macro Assembler    Page 1 


    1 00000000         #line   1                "mbed-os/rtos/rtx/TARGET_CORTEX
_M/TARGET_M3/TOOLCHAIN_ARM/SVC_Table.S"
    1 00000000         ;
    2 00000000         
    3 00000000         
    4 00000000         
    5 00000000         
    6 00000000         
    7 00000000         
    8 00000000         
    9 00000000         
   10 00000000         
   11 00000000         
   12 00000000         
   13 00000000         
   14 00000000         
   15 00000000         
   16 00000000         
   17 00000000         
   18 00000000         
   19 00000000         
   20 00000000         
   21 00000000         
   22 00000000         
   23 00000000         
   24 00000000         
   25 00000000         
   26 00000000         
   27 00000000         
   28 00000000         
   29 00000000         
   30 00000000         
   31 00000000         
   32 00000000         
   33 00000000         
   34 00000000         
   35 00000000         
   36 00000000                 AREA             SVC_TABLE, CODE, READONLY
   37 00000000         
   38 00000000                 EXPORT           SVC_Count
   39 00000000         
   40 00000000 00000000 
                       SVC_Cnt EQU              (SVC_End-SVC_Table)/4
   41 00000000 00000000 
                       SVC_Count
                               DCD              SVC_Cnt
   42 00000004         
   43 00000004         ; Import user SVC functions here.
   44 00000004         ;               IMPORT  __SVC_1
   45 00000004         
   46 00000004                 EXPORT           SVC_Table
   47 00000004         SVC_Table
   48 00000004         ; Insert user SVC functions here. SVC 0 used by RTL Kern
                       el.
   49 00000004         ;               DCD     __SVC_1                 ; user S
                       VC function
   50 00000004         
   51 00000004         SVC_End
   52 00000004         



ARM Macro Assembler    Page 2 


   53 00000004                 END
Command Line: --debug --xref --cpreproc --diag_suppress=9931 --cpu=Cortex-M3 --
apcs=interwork --depend=.\build\uvision5\svc_table.d -o.\build\uvision5\svc_tab
le.o -ID:\LEARNING\mbed\mbed-os-stm32f103\RTE\_mbed-os-stm32f103 -IC:\Keil_v5\A
RM\PACK\Keil\STM32F1xx_DFP\2.1.0\Device\Include -IC:\Keil_v5\ARM\CMSIS\Include 
--predefine="__UVISION_VERSION SETA 522" --predefine="STM32F10X_MD SETA 1" --cp
reproc_opts=-D__ASSERT_MSG,-D__CORTEX_M3,-D__CMSIS_RTOS,-DARM_MATH_CM3,-D__MBED
_CMSIS_RTOS_CM --list=.\buildsvc_table.lst mbed-os/rtos/rtx/TARGET_CORTEX_M/TAR
GET_M3/TOOLCHAIN_ARM/SVC_Table.S



ARM Macro Assembler    Page 1 Alphabetic symbol ordering
Relocatable symbols

SVC_Count 00000000

Symbol: SVC_Count
   Definitions
      At line 41 in file mbed-os\rtos\rtx\TARGET_CORTEX_M\TARGET_M3\TOOLCHAIN_A
RM\SVC_Table.S
   Uses
      At line 38 in file mbed-os\rtos\rtx\TARGET_CORTEX_M\TARGET_M3\TOOLCHAIN_A
RM\SVC_Table.S
Comment: SVC_Count used once
SVC_End 00000004

Symbol: SVC_End
   Definitions
      At line 51 in file mbed-os\rtos\rtx\TARGET_CORTEX_M\TARGET_M3\TOOLCHAIN_A
RM\SVC_Table.S
   Uses
      At line 40 in file mbed-os\rtos\rtx\TARGET_CORTEX_M\TARGET_M3\TOOLCHAIN_A
RM\SVC_Table.S
Comment: SVC_End used once
SVC_TABLE 00000000

Symbol: SVC_TABLE
   Definitions
      At line 36 in file mbed-os\rtos\rtx\TARGET_CORTEX_M\TARGET_M3\TOOLCHAIN_A
RM\SVC_Table.S
   Uses
      None
Comment: SVC_TABLE unused
SVC_Table 00000004

Symbol: SVC_Table
   Definitions
      At line 47 in file mbed-os\rtos\rtx\TARGET_CORTEX_M\TARGET_M3\TOOLCHAIN_A
RM\SVC_Table.S
   Uses
      At line 40 in file mbed-os\rtos\rtx\TARGET_CORTEX_M\TARGET_M3\TOOLCHAIN_A
RM\SVC_Table.S
      At line 46 in file mbed-os\rtos\rtx\TARGET_CORTEX_M\TARGET_M3\TOOLCHAIN_A
RM\SVC_Table.S

4 symbols



ARM Macro Assembler    Page 1 Alphabetic symbol ordering
Absolute symbols

SVC_Cnt 00000000

Symbol: SVC_Cnt
   Definitions
      At line 40 in file mbed-os\rtos\rtx\TARGET_CORTEX_M\TARGET_M3\TOOLCHAIN_A
RM\SVC_Table.S
   Uses
      At line 41 in file mbed-os\rtos\rtx\TARGET_CORTEX_M\TARGET_M3\TOOLCHAIN_A
RM\SVC_Table.S
Comment: SVC_Cnt used once
1 symbol
337 symbols in table
